<?xml version="1.0" encoding="UTF-8"?>
<testsuites name="jest tests" tests="1213" failures="0" time="6.862">
  <testsuite name="Test cases for undefined" errors="0" failures="0" skipped="0" timestamp="2019-03-22T20:58:23" time="2.379" tests="21">
    <testcase classname="Test cases for undefined should return &apos;A&apos; for &apos;undefined&apos; @2018-01-06T00:00:00.000-05:00" name="Test cases for undefined should return &apos;A&apos; for &apos;undefined&apos; @2018-01-06T00:00:00.000-05:00" time="0.008">
    </testcase>
    <testcase classname="Test cases for undefined should return &apos;A&apos; for &apos;undefined&apos; @2018-01-06T23:59:59.999-05:00" name="Test cases for undefined should return &apos;A&apos; for &apos;undefined&apos; @2018-01-06T23:59:59.999-05:00" time="0.001">
    </testcase>
    <testcase classname="Test cases for undefined should return &apos;G&apos; for &apos;undefined&apos; @2018-01-13T00:00:00.000-05:00" name="Test cases for undefined should return &apos;G&apos; for &apos;undefined&apos; @2018-01-13T00:00:00.000-05:00" time="0.001">
    </testcase>
    <testcase classname="Test cases for undefined should return &apos;G&apos; for &apos;undefined&apos; @2018-01-13T23:59:59.999-05:00" name="Test cases for undefined should return &apos;G&apos; for &apos;undefined&apos; @2018-01-13T23:59:59.999-05:00" time="0">
    </testcase>
    <testcase classname="Test cases for undefined should return &apos;B&apos; for &apos;undefined&apos; @2018-04-07T00:00:00.000-05:00" name="Test cases for undefined should return &apos;B&apos; for &apos;undefined&apos; @2018-04-07T00:00:00.000-05:00" time="0.001">
    </testcase>
    <testcase classname="Test cases for undefined should return &apos;B&apos; for &apos;undefined&apos; @2018-04-07T23:59:59.999-05:00" name="Test cases for undefined should return &apos;B&apos; for &apos;undefined&apos; @2018-04-07T23:59:59.999-05:00" time="0.001">
    </testcase>
    <testcase classname="Test cases for undefined should return &apos;C&apos; for &apos;undefined&apos; @2018-04-09T00:00:00.000-05:00" name="Test cases for undefined should return &apos;C&apos; for &apos;undefined&apos; @2018-04-09T00:00:00.000-05:00" time="0.001">
    </testcase>
    <testcase classname="Test cases for undefined should return &apos;C&apos; for &apos;undefined&apos; @2018-04-09T23:59:59.999-05:00" name="Test cases for undefined should return &apos;C&apos; for &apos;undefined&apos; @2018-04-09T23:59:59.999-05:00" time="0">
    </testcase>
    <testcase classname="Test cases for undefined should return &apos;F&apos; for &apos;undefined&apos; @2018-05-16T00:00:00.000-05:00" name="Test cases for undefined should return &apos;F&apos; for &apos;undefined&apos; @2018-05-16T00:00:00.000-05:00" time="0.001">
    </testcase>
    <testcase classname="Test cases for undefined should return &apos;F&apos; for &apos;undefined&apos; @2018-05-16T23:59:59.999-05:00" name="Test cases for undefined should return &apos;F&apos; for &apos;undefined&apos; @2018-05-16T23:59:59.999-05:00" time="0.001">
    </testcase>
    <testcase classname="Test cases for undefined should return &apos;B&apos; for &apos;undefined&apos; @2018-06-14T00:00:00.000-05:00" name="Test cases for undefined should return &apos;B&apos; for &apos;undefined&apos; @2018-06-14T00:00:00.000-05:00" time="0.006">
    </testcase>
    <testcase classname="Test cases for undefined should return &apos;B&apos; for &apos;undefined&apos; @2018-06-14T23:59:59.999-05:00" name="Test cases for undefined should return &apos;B&apos; for &apos;undefined&apos; @2018-06-14T23:59:59.999-05:00" time="0.001">
    </testcase>
    <testcase classname="Test cases for undefined should return &apos;H&apos; for &apos;undefined&apos; @2018-06-09T00:00:00.000-05:00" name="Test cases for undefined should return &apos;H&apos; for &apos;undefined&apos; @2018-06-09T00:00:00.000-05:00" time="0.001">
    </testcase>
    <testcase classname="Test cases for undefined should return &apos;H&apos; for &apos;undefined&apos; @2018-06-09T23:59:59.999-05:00" name="Test cases for undefined should return &apos;H&apos; for &apos;undefined&apos; @2018-06-09T23:59:59.999-05:00" time="0.001">
    </testcase>
    <testcase classname="Test cases for undefined should return &apos;G&apos; for &apos;undefined&apos; @2018-12-29T00:00:00.000-05:00" name="Test cases for undefined should return &apos;G&apos; for &apos;undefined&apos; @2018-12-29T00:00:00.000-05:00" time="0.002">
    </testcase>
    <testcase classname="Test cases for undefined should return &apos;G&apos; for &apos;undefined&apos; @2018-12-29T23:59:59.999-05:00" name="Test cases for undefined should return &apos;G&apos; for &apos;undefined&apos; @2018-12-29T23:59:59.999-05:00" time="0.001">
    </testcase>
    <testcase classname="&apos;pyp&apos; should be a function for [object Object] should be a function" name="&apos;pyp&apos; should be a function for [object Object] should be a function" time="0">
    </testcase>
    <testcase classname="Test for [object Object] info Should return an array for &apos;vehicleClasses&apos; of [object Object]" name="Test for [object Object] info Should return an array for &apos;vehicleClasses&apos; of [object Object]" time="0">
    </testcase>
    <testcase classname="Test for [object Object] info Should return scheme info of [object Object]" name="Test for [object Object] info Should return scheme info of [object Object]" time="0.001">
    </testcase>
    <testcase classname="Test for [object Object] info Should return decrees info for [object Object]" name="Test for [object Object] info Should return decrees info for [object Object]" time="0.001">
    </testcase>
    <testcase classname="Test for [object Object] info Should return hours info for [object Object]" name="Test for [object Object] info Should return hours info for [object Object]" time="0.002">
    </testcase>
  </testsuite>
  <testsuite name="Test cases for undefined" errors="0" failures="0" skipped="0" timestamp="2019-03-22T20:58:23" time="2.385" tests="21">
    <testcase classname="Test cases for undefined should return &apos;9-0&apos; for &apos;undefined&apos; @2018-04-07T00:00:00.000-05:00" name="Test cases for undefined should return &apos;9-0&apos; for &apos;undefined&apos; @2018-04-07T00:00:00.000-05:00" time="0.009">
    </testcase>
    <testcase classname="Test cases for undefined should return &apos;9-0&apos; for &apos;undefined&apos; @2018-04-07T23:59:59.999-05:00" name="Test cases for undefined should return &apos;9-0&apos; for &apos;undefined&apos; @2018-04-07T23:59:59.999-05:00" time="0.001">
    </testcase>
    <testcase classname="Test cases for undefined should return &apos;3-4&apos; for &apos;undefined&apos; @2018-03-26T00:00:00.000-05:00" name="Test cases for undefined should return &apos;3-4&apos; for &apos;undefined&apos; @2018-03-26T00:00:00.000-05:00" time="0">
    </testcase>
    <testcase classname="Test cases for undefined should return &apos;3-4&apos; for &apos;undefined&apos; @2018-03-26T23:59:59.999-05:00" name="Test cases for undefined should return &apos;3-4&apos; for &apos;undefined&apos; @2018-03-26T23:59:59.999-05:00" time="0">
    </testcase>
    <testcase classname="Test cases for undefined should return &apos;5-6&apos; for &apos;undefined&apos; @2018-04-02T00:00:00.000-05:00" name="Test cases for undefined should return &apos;5-6&apos; for &apos;undefined&apos; @2018-04-02T00:00:00.000-05:00" time="0">
    </testcase>
    <testcase classname="Test cases for undefined should return &apos;5-6&apos; for &apos;undefined&apos; @2018-04-02T23:59:59.999-05:00" name="Test cases for undefined should return &apos;5-6&apos; for &apos;undefined&apos; @2018-04-02T23:59:59.999-05:00" time="0.001">
    </testcase>
    <testcase classname="Test cases for undefined should return &apos;5-6&apos; for &apos;undefined&apos; @2018-04-09T00:00:00.000-05:00" name="Test cases for undefined should return &apos;5-6&apos; for &apos;undefined&apos; @2018-04-09T00:00:00.000-05:00" time="0">
    </testcase>
    <testcase classname="Test cases for undefined should return &apos;5-6&apos; for &apos;undefined&apos; @2018-04-09T23:59:59.999-05:00" name="Test cases for undefined should return &apos;5-6&apos; for &apos;undefined&apos; @2018-04-09T23:59:59.999-05:00" time="0.001">
    </testcase>
    <testcase classname="Test cases for undefined should return &apos;9-0&apos; for &apos;undefined&apos; @2018-05-16T00:00:00.000-05:00" name="Test cases for undefined should return &apos;9-0&apos; for &apos;undefined&apos; @2018-05-16T00:00:00.000-05:00" time="0">
    </testcase>
    <testcase classname="Test cases for undefined should return &apos;9-0&apos; for &apos;undefined&apos; @2018-05-16T23:59:59.999-05:00" name="Test cases for undefined should return &apos;9-0&apos; for &apos;undefined&apos; @2018-05-16T23:59:59.999-05:00" time="0.006">
    </testcase>
    <testcase classname="Test cases for undefined should return &apos;9-0&apos; for &apos;undefined&apos; @2018-07-03T00:00:00.000-05:00" name="Test cases for undefined should return &apos;9-0&apos; for &apos;undefined&apos; @2018-07-03T00:00:00.000-05:00" time="0.001">
    </testcase>
    <testcase classname="Test cases for undefined should return &apos;9-0&apos; for &apos;undefined&apos; @2018-07-03T23:59:59.999-05:00" name="Test cases for undefined should return &apos;9-0&apos; for &apos;undefined&apos; @2018-07-03T23:59:59.999-05:00" time="0">
    </testcase>
    <testcase classname="Test cases for undefined should return &apos;5-6&apos; for &apos;undefined&apos; @2018-07-07T00:00:00.000-05:00" name="Test cases for undefined should return &apos;5-6&apos; for &apos;undefined&apos; @2018-07-07T00:00:00.000-05:00" time="0">
    </testcase>
    <testcase classname="Test cases for undefined should return &apos;5-6&apos; for &apos;undefined&apos; @2018-07-07T23:59:59.999-05:00" name="Test cases for undefined should return &apos;5-6&apos; for &apos;undefined&apos; @2018-07-07T23:59:59.999-05:00" time="0.001">
    </testcase>
    <testcase classname="Test cases for undefined should return &apos;9-0&apos; for &apos;undefined&apos; @2018-10-01T00:00:00.000-05:00" name="Test cases for undefined should return &apos;9-0&apos; for &apos;undefined&apos; @2018-10-01T00:00:00.000-05:00" time="0">
    </testcase>
    <testcase classname="Test cases for undefined should return &apos;9-0&apos; for &apos;undefined&apos; @2018-10-01T23:59:59.999-05:00" name="Test cases for undefined should return &apos;9-0&apos; for &apos;undefined&apos; @2018-10-01T23:59:59.999-05:00" time="0">
    </testcase>
    <testcase classname="&apos;pyp&apos; should be a function for [object Object] should be a function" name="&apos;pyp&apos; should be a function for [object Object] should be a function" time="0">
    </testcase>
    <testcase classname="Test for [object Object] info Should return an array for &apos;vehicleClasses&apos; of [object Object]" name="Test for [object Object] info Should return an array for &apos;vehicleClasses&apos; of [object Object]" time="0">
    </testcase>
    <testcase classname="Test for [object Object] info Should return scheme info of [object Object]" name="Test for [object Object] info Should return scheme info of [object Object]" time="0.001">
    </testcase>
    <testcase classname="Test for [object Object] info Should return decrees info for [object Object]" name="Test for [object Object] info Should return decrees info for [object Object]" time="0.002">
    </testcase>
    <testcase classname="Test for [object Object] info Should return hours info for [object Object]" name="Test for [object Object] info Should return hours info for [object Object]" time="0.002">
    </testcase>
  </testsuite>
  <testsuite name="Test cases for undefined" errors="0" failures="0" skipped="0" timestamp="2019-03-22T20:58:23" time="2.377" tests="11">
    <testcase classname="Test cases for undefined should return &apos;1-3&apos; for &apos;undefined&apos; @2018-04-09T00:00:00.000-05:00" name="Test cases for undefined should return &apos;1-3&apos; for &apos;undefined&apos; @2018-04-09T00:00:00.000-05:00" time="0.007">
    </testcase>
    <testcase classname="Test cases for undefined should return &apos;1-3&apos; for &apos;undefined&apos; @2018-04-09T23:59:59.999-05:00" name="Test cases for undefined should return &apos;1-3&apos; for &apos;undefined&apos; @2018-04-09T23:59:59.999-05:00" time="0.002">
    </testcase>
    <testcase classname="Test cases for undefined should return &apos;5-7&apos; for &apos;undefined&apos; @2018-05-16T00:00:00.000-05:00" name="Test cases for undefined should return &apos;5-7&apos; for &apos;undefined&apos; @2018-05-16T00:00:00.000-05:00" time="0">
    </testcase>
    <testcase classname="Test cases for undefined should return &apos;5-7&apos; for &apos;undefined&apos; @2018-05-16T23:59:59.999-05:00" name="Test cases for undefined should return &apos;5-7&apos; for &apos;undefined&apos; @2018-05-16T23:59:59.999-05:00" time="0.001">
    </testcase>
    <testcase classname="Test cases for undefined should return &apos;0-1-2-3-4-5-6-7-8-9&apos; for &apos;undefined&apos; @2019-01-30T00:00:00.000-05:00" name="Test cases for undefined should return &apos;0-1-2-3-4-5-6-7-8-9&apos; for &apos;undefined&apos; @2019-01-30T00:00:00.000-05:00" time="0">
    </testcase>
    <testcase classname="Test cases for undefined should return &apos;0-1-2-3-4-5-6-7-8-9&apos; for &apos;undefined&apos; @2019-01-30T23:59:59.999-05:00" name="Test cases for undefined should return &apos;0-1-2-3-4-5-6-7-8-9&apos; for &apos;undefined&apos; @2019-01-30T23:59:59.999-05:00" time="0.001">
    </testcase>
    <testcase classname="&apos;pyp&apos; should be a function for [object Object] should be a function" name="&apos;pyp&apos; should be a function for [object Object] should be a function" time="0.001">
    </testcase>
    <testcase classname="Test for [object Object] info Should return an array for &apos;vehicleClasses&apos; of [object Object]" name="Test for [object Object] info Should return an array for &apos;vehicleClasses&apos; of [object Object]" time="0">
    </testcase>
    <testcase classname="Test for [object Object] info Should return scheme info of [object Object]" name="Test for [object Object] info Should return scheme info of [object Object]" time="0.001">
    </testcase>
    <testcase classname="Test for [object Object] info Should return decrees info for [object Object]" name="Test for [object Object] info Should return decrees info for [object Object]" time="0.001">
    </testcase>
    <testcase classname="Test for [object Object] info Should return hours info for [object Object]" name="Test for [object Object] info Should return hours info for [object Object]" time="0.002">
    </testcase>
  </testsuite>
  <testsuite name="Test cases for undefined" errors="0" failures="0" skipped="0" timestamp="2019-03-22T20:58:23" time="2.384" tests="17">
    <testcase classname="Test cases for undefined should return &apos;1-3-5-7-9&apos; for &apos;undefined&apos; @2019-02-23T00:00:00.000-05:00" name="Test cases for undefined should return &apos;1-3-5-7-9&apos; for &apos;undefined&apos; @2019-02-23T00:00:00.000-05:00" time="0.008">
    </testcase>
    <testcase classname="Test cases for undefined should return &apos;1-3-5-7-9&apos; for &apos;undefined&apos; @2019-02-23T23:59:59.999-05:00" name="Test cases for undefined should return &apos;1-3-5-7-9&apos; for &apos;undefined&apos; @2019-02-23T23:59:59.999-05:00" time="0.001">
    </testcase>
    <testcase classname="Test cases for undefined should return &apos;1-3-5-7-9&apos; for &apos;undefined&apos; @2019-03-09T00:00:00.000-05:00" name="Test cases for undefined should return &apos;1-3-5-7-9&apos; for &apos;undefined&apos; @2019-03-09T00:00:00.000-05:00" time="0">
    </testcase>
    <testcase classname="Test cases for undefined should return &apos;1-3-5-7-9&apos; for &apos;undefined&apos; @2019-03-09T23:59:59.999-05:00" name="Test cases for undefined should return &apos;1-3-5-7-9&apos; for &apos;undefined&apos; @2019-03-09T23:59:59.999-05:00" time="0.006">
    </testcase>
    <testcase classname="Test cases for undefined should return &apos;1-3-5-7-9&apos; for &apos;undefined&apos; @2019-03-23T00:00:00.000-05:00" name="Test cases for undefined should return &apos;1-3-5-7-9&apos; for &apos;undefined&apos; @2019-03-23T00:00:00.000-05:00" time="0">
    </testcase>
    <testcase classname="Test cases for undefined should return &apos;1-3-5-7-9&apos; for &apos;undefined&apos; @2019-03-23T23:59:59.999-05:00" name="Test cases for undefined should return &apos;1-3-5-7-9&apos; for &apos;undefined&apos; @2019-03-23T23:59:59.999-05:00" time="0.001">
    </testcase>
    <testcase classname="Test cases for undefined should return &apos;0-2-4-6-8&apos; for &apos;undefined&apos; @2019-03-02T00:00:00.000-05:00" name="Test cases for undefined should return &apos;0-2-4-6-8&apos; for &apos;undefined&apos; @2019-03-02T00:00:00.000-05:00" time="0">
    </testcase>
    <testcase classname="Test cases for undefined should return &apos;0-2-4-6-8&apos; for &apos;undefined&apos; @2019-03-02T23:59:59.999-05:00" name="Test cases for undefined should return &apos;0-2-4-6-8&apos; for &apos;undefined&apos; @2019-03-02T23:59:59.999-05:00" time="0">
    </testcase>
    <testcase classname="Test cases for undefined should return &apos;0-2-4-6-8&apos; for &apos;undefined&apos; @2019-03-16T00:00:00.000-05:00" name="Test cases for undefined should return &apos;0-2-4-6-8&apos; for &apos;undefined&apos; @2019-03-16T00:00:00.000-05:00" time="0.001">
    </testcase>
    <testcase classname="Test cases for undefined should return &apos;0-2-4-6-8&apos; for &apos;undefined&apos; @2019-03-16T23:59:59.999-05:00" name="Test cases for undefined should return &apos;0-2-4-6-8&apos; for &apos;undefined&apos; @2019-03-16T23:59:59.999-05:00" time="0">
    </testcase>
    <testcase classname="Test cases for undefined should return &apos;0-2-4-6-8&apos; for &apos;undefined&apos; @2019-03-30T00:00:00.000-05:00" name="Test cases for undefined should return &apos;0-2-4-6-8&apos; for &apos;undefined&apos; @2019-03-30T00:00:00.000-05:00" time="0.001">
    </testcase>
    <testcase classname="Test cases for undefined should return &apos;0-2-4-6-8&apos; for &apos;undefined&apos; @2019-03-30T23:59:59.999-05:00" name="Test cases for undefined should return &apos;0-2-4-6-8&apos; for &apos;undefined&apos; @2019-03-30T23:59:59.999-05:00" time="0">
    </testcase>
    <testcase classname="&apos;pyp&apos; should be a function for [object Object] should be a function" name="&apos;pyp&apos; should be a function for [object Object] should be a function" time="0.001">
    </testcase>
    <testcase classname="Test for [object Object] info Should return an array for &apos;vehicleClasses&apos; of [object Object]" name="Test for [object Object] info Should return an array for &apos;vehicleClasses&apos; of [object Object]" time="0">
    </testcase>
    <testcase classname="Test for [object Object] info Should return scheme info of [object Object]" name="Test for [object Object] info Should return scheme info of [object Object]" time="0.001">
    </testcase>
    <testcase classname="Test for [object Object] info Should return decrees info for [object Object]" name="Test for [object Object] info Should return decrees info for [object Object]" time="0.001">
    </testcase>
    <testcase classname="Test for [object Object] info Should return hours info for [object Object]" name="Test for [object Object] info Should return hours info for [object Object]" time="0.002">
    </testcase>
  </testsuite>
  <testsuite name="Test cases for undefined" errors="0" failures="0" skipped="0" timestamp="2019-03-22T20:58:23" time="2.39" tests="21">
    <testcase classname="Test cases for undefined should return &apos;9-0&apos; for &apos;undefined&apos; @2018-04-07T00:00:00.000-05:00" name="Test cases for undefined should return &apos;9-0&apos; for &apos;undefined&apos; @2018-04-07T00:00:00.000-05:00" time="0.008">
    </testcase>
    <testcase classname="Test cases for undefined should return &apos;9-0&apos; for &apos;undefined&apos; @2018-04-07T23:59:59.999-05:00" name="Test cases for undefined should return &apos;9-0&apos; for &apos;undefined&apos; @2018-04-07T23:59:59.999-05:00" time="0.001">
    </testcase>
    <testcase classname="Test cases for undefined should return &apos;3-4&apos; for &apos;undefined&apos; @2018-03-26T00:00:00.000-05:00" name="Test cases for undefined should return &apos;3-4&apos; for &apos;undefined&apos; @2018-03-26T00:00:00.000-05:00" time="0.001">
    </testcase>
    <testcase classname="Test cases for undefined should return &apos;3-4&apos; for &apos;undefined&apos; @2018-03-26T23:59:59.999-05:00" name="Test cases for undefined should return &apos;3-4&apos; for &apos;undefined&apos; @2018-03-26T23:59:59.999-05:00" time="0">
    </testcase>
    <testcase classname="Test cases for undefined should return &apos;5-6&apos; for &apos;undefined&apos; @2018-04-02T00:00:00.000-05:00" name="Test cases for undefined should return &apos;5-6&apos; for &apos;undefined&apos; @2018-04-02T00:00:00.000-05:00" time="0.001">
    </testcase>
    <testcase classname="Test cases for undefined should return &apos;5-6&apos; for &apos;undefined&apos; @2018-04-02T23:59:59.999-05:00" name="Test cases for undefined should return &apos;5-6&apos; for &apos;undefined&apos; @2018-04-02T23:59:59.999-05:00" time="0">
    </testcase>
    <testcase classname="Test cases for undefined should return &apos;5-6&apos; for &apos;undefined&apos; @2018-04-09T00:00:00.000-05:00" name="Test cases for undefined should return &apos;5-6&apos; for &apos;undefined&apos; @2018-04-09T00:00:00.000-05:00" time="0.001">
    </testcase>
    <testcase classname="Test cases for undefined should return &apos;5-6&apos; for &apos;undefined&apos; @2018-04-09T23:59:59.999-05:00" name="Test cases for undefined should return &apos;5-6&apos; for &apos;undefined&apos; @2018-04-09T23:59:59.999-05:00" time="0">
    </testcase>
    <testcase classname="Test cases for undefined should return &apos;9-0&apos; for &apos;undefined&apos; @2018-05-16T00:00:00.000-05:00" name="Test cases for undefined should return &apos;9-0&apos; for &apos;undefined&apos; @2018-05-16T00:00:00.000-05:00" time="0">
    </testcase>
    <testcase classname="Test cases for undefined should return &apos;9-0&apos; for &apos;undefined&apos; @2018-05-16T23:59:59.999-05:00" name="Test cases for undefined should return &apos;9-0&apos; for &apos;undefined&apos; @2018-05-16T23:59:59.999-05:00" time="0.001">
    </testcase>
    <testcase classname="Test cases for undefined should return &apos;9-0&apos; for &apos;undefined&apos; @2018-07-03T00:00:00.000-05:00" name="Test cases for undefined should return &apos;9-0&apos; for &apos;undefined&apos; @2018-07-03T00:00:00.000-05:00" time="0">
    </testcase>
    <testcase classname="Test cases for undefined should return &apos;9-0&apos; for &apos;undefined&apos; @2018-07-03T23:59:59.999-05:00" name="Test cases for undefined should return &apos;9-0&apos; for &apos;undefined&apos; @2018-07-03T23:59:59.999-05:00" time="0.001">
    </testcase>
    <testcase classname="Test cases for undefined should return &apos;5-6&apos; for &apos;undefined&apos; @2018-07-07T00:00:00.000-05:00" name="Test cases for undefined should return &apos;5-6&apos; for &apos;undefined&apos; @2018-07-07T00:00:00.000-05:00" time="0">
    </testcase>
    <testcase classname="Test cases for undefined should return &apos;5-6&apos; for &apos;undefined&apos; @2018-07-07T23:59:59.999-05:00" name="Test cases for undefined should return &apos;5-6&apos; for &apos;undefined&apos; @2018-07-07T23:59:59.999-05:00" time="0">
    </testcase>
    <testcase classname="Test cases for undefined should return &apos;9-0&apos; for &apos;undefined&apos; @2018-10-01T00:00:00.000-05:00" name="Test cases for undefined should return &apos;9-0&apos; for &apos;undefined&apos; @2018-10-01T00:00:00.000-05:00" time="0.001">
    </testcase>
    <testcase classname="Test cases for undefined should return &apos;9-0&apos; for &apos;undefined&apos; @2018-10-01T23:59:59.999-05:00" name="Test cases for undefined should return &apos;9-0&apos; for &apos;undefined&apos; @2018-10-01T23:59:59.999-05:00" time="0">
    </testcase>
    <testcase classname="&apos;pyp&apos; should be a function for [object Object] should be a function" name="&apos;pyp&apos; should be a function for [object Object] should be a function" time="0">
    </testcase>
    <testcase classname="Test for [object Object] info Should return an array for &apos;vehicleClasses&apos; of [object Object]" name="Test for [object Object] info Should return an array for &apos;vehicleClasses&apos; of [object Object]" time="0">
    </testcase>
    <testcase classname="Test for [object Object] info Should return scheme info of [object Object]" name="Test for [object Object] info Should return scheme info of [object Object]" time="0.001">
    </testcase>
    <testcase classname="Test for [object Object] info Should return decrees info for [object Object]" name="Test for [object Object] info Should return decrees info for [object Object]" time="0.002">
    </testcase>
    <testcase classname="Test for [object Object] info Should return hours info for [object Object]" name="Test for [object Object] info Should return hours info for [object Object]" time="0.001">
    </testcase>
  </testsuite>
  <testsuite name="Test cases for undefined" errors="0" failures="0" skipped="0" timestamp="2019-03-22T20:58:24" time="2.412" tests="11">
    <testcase classname="Test cases for undefined should return &apos;3-4&apos; for &apos;undefined&apos; @2018-04-07T00:00:00.000-05:00" name="Test cases for undefined should return &apos;3-4&apos; for &apos;undefined&apos; @2018-04-07T00:00:00.000-05:00" time="0.008">
    </testcase>
    <testcase classname="Test cases for undefined should return &apos;3-4&apos; for &apos;undefined&apos; @2018-04-07T23:59:59.999-05:00" name="Test cases for undefined should return &apos;3-4&apos; for &apos;undefined&apos; @2018-04-07T23:59:59.999-05:00" time="0.001">
    </testcase>
    <testcase classname="Test cases for undefined should return &apos;5-6&apos; for &apos;undefined&apos; @2018-04-09T00:00:00.000-05:00" name="Test cases for undefined should return &apos;5-6&apos; for &apos;undefined&apos; @2018-04-09T00:00:00.000-05:00" time="0.001">
    </testcase>
    <testcase classname="Test cases for undefined should return &apos;5-6&apos; for &apos;undefined&apos; @2018-04-09T23:59:59.999-05:00" name="Test cases for undefined should return &apos;5-6&apos; for &apos;undefined&apos; @2018-04-09T23:59:59.999-05:00" time="0">
    </testcase>
    <testcase classname="Test cases for undefined should return &apos;9-0&apos; for &apos;undefined&apos; @2018-05-16T00:00:00.000-05:00" name="Test cases for undefined should return &apos;9-0&apos; for &apos;undefined&apos; @2018-05-16T00:00:00.000-05:00" time="0.001">
    </testcase>
    <testcase classname="Test cases for undefined should return &apos;9-0&apos; for &apos;undefined&apos; @2018-05-16T23:59:59.999-05:00" name="Test cases for undefined should return &apos;9-0&apos; for &apos;undefined&apos; @2018-05-16T23:59:59.999-05:00" time="0">
    </testcase>
    <testcase classname="&apos;pyp&apos; should be a function for [object Object] should be a function" name="&apos;pyp&apos; should be a function for [object Object] should be a function" time="0">
    </testcase>
    <testcase classname="Test for [object Object] info Should return an array for &apos;vehicleClasses&apos; of [object Object]" name="Test for [object Object] info Should return an array for &apos;vehicleClasses&apos; of [object Object]" time="0">
    </testcase>
    <testcase classname="Test for [object Object] info Should return scheme info of [object Object]" name="Test for [object Object] info Should return scheme info of [object Object]" time="0.002">
    </testcase>
    <testcase classname="Test for [object Object] info Should return decrees info for [object Object]" name="Test for [object Object] info Should return decrees info for [object Object]" time="0.008">
    </testcase>
    <testcase classname="Test for [object Object] info Should return hours info for [object Object]" name="Test for [object Object] info Should return hours info for [object Object]" time="0.002">
    </testcase>
  </testsuite>
  <testsuite name="Test cases for undefined" errors="0" failures="0" skipped="0" timestamp="2019-03-22T20:58:24" time="2.424" tests="29">
    <testcase classname="Test cases for undefined should return &apos;1-3-5-7-9- azul&apos; for &apos;undefined&apos; @2018-01-01T00:00:00.000-05:00" name="Test cases for undefined should return &apos;1-3-5-7-9- azul&apos; for &apos;undefined&apos; @2018-01-01T00:00:00.000-05:00" time="0.007">
    </testcase>
    <testcase classname="Test cases for undefined should return &apos;1-3-5-7-9- azul&apos; for &apos;undefined&apos; @2018-01-01T23:59:59.999-05:00" name="Test cases for undefined should return &apos;1-3-5-7-9- azul&apos; for &apos;undefined&apos; @2018-01-01T23:59:59.999-05:00" time="0.001">
    </testcase>
    <testcase classname="Test cases for undefined should return &apos;1-3-5-7-9- azul&apos; for &apos;undefined&apos; @2018-03-19T00:00:00.000-05:00" name="Test cases for undefined should return &apos;1-3-5-7-9- azul&apos; for &apos;undefined&apos; @2018-03-19T00:00:00.000-05:00" time="0.001">
    </testcase>
    <testcase classname="Test cases for undefined should return &apos;1-3-5-7-9- azul&apos; for &apos;undefined&apos; @2018-03-19T23:59:59.999-05:00" name="Test cases for undefined should return &apos;1-3-5-7-9- azul&apos; for &apos;undefined&apos; @2018-03-19T23:59:59.999-05:00" time="0">
    </testcase>
    <testcase classname="Test cases for undefined should return &apos;1-3-5-7-9- azul&apos; for &apos;undefined&apos; @2018-04-07T00:00:00.000-05:00" name="Test cases for undefined should return &apos;1-3-5-7-9- azul&apos; for &apos;undefined&apos; @2018-04-07T00:00:00.000-05:00" time="0.001">
    </testcase>
    <testcase classname="Test cases for undefined should return &apos;1-3-5-7-9- azul&apos; for &apos;undefined&apos; @2018-04-07T23:59:59.999-05:00" name="Test cases for undefined should return &apos;1-3-5-7-9- azul&apos; for &apos;undefined&apos; @2018-04-07T23:59:59.999-05:00" time="0">
    </testcase>
    <testcase classname="Test cases for undefined should return &apos;0-2-4-6-8- naranja&apos; for &apos;undefined&apos; @2018-02-04T00:00:00.000-05:00" name="Test cases for undefined should return &apos;0-2-4-6-8- naranja&apos; for &apos;undefined&apos; @2018-02-04T00:00:00.000-05:00" time="0">
    </testcase>
    <testcase classname="Test cases for undefined should return &apos;0-2-4-6-8- naranja&apos; for &apos;undefined&apos; @2018-02-04T23:59:59.999-05:00" name="Test cases for undefined should return &apos;0-2-4-6-8- naranja&apos; for &apos;undefined&apos; @2018-02-04T23:59:59.999-05:00" time="0.001">
    </testcase>
    <testcase classname="Test cases for undefined should return &apos;1-3-5-7-9- azul&apos; for &apos;undefined&apos; @2018-04-09T00:00:00.000-05:00" name="Test cases for undefined should return &apos;1-3-5-7-9- azul&apos; for &apos;undefined&apos; @2018-04-09T00:00:00.000-05:00" time="0">
    </testcase>
    <testcase classname="Test cases for undefined should return &apos;1-3-5-7-9- azul&apos; for &apos;undefined&apos; @2018-04-09T23:59:59.999-05:00" name="Test cases for undefined should return &apos;1-3-5-7-9- azul&apos; for &apos;undefined&apos; @2018-04-09T23:59:59.999-05:00" time="0.001">
    </testcase>
    <testcase classname="Test cases for undefined should return &apos;0-2-4-6-8- naranja&apos; for &apos;undefined&apos; @2018-05-16T00:00:00.000-05:00" name="Test cases for undefined should return &apos;0-2-4-6-8- naranja&apos; for &apos;undefined&apos; @2018-05-16T00:00:00.000-05:00" time="0">
    </testcase>
    <testcase classname="Test cases for undefined should return &apos;0-2-4-6-8- naranja&apos; for &apos;undefined&apos; @2018-05-16T23:59:59.999-05:00" name="Test cases for undefined should return &apos;0-2-4-6-8- naranja&apos; for &apos;undefined&apos; @2018-05-16T23:59:59.999-05:00" time="0.001">
    </testcase>
    <testcase classname="Test cases for undefined should return &apos;0-2-4-6-8- naranja&apos; for &apos;undefined&apos; @2018-01-31T00:00:00.000-05:00" name="Test cases for undefined should return &apos;0-2-4-6-8- naranja&apos; for &apos;undefined&apos; @2018-01-31T00:00:00.000-05:00" time="0">
    </testcase>
    <testcase classname="Test cases for undefined should return &apos;0-2-4-6-8- naranja&apos; for &apos;undefined&apos; @2018-01-31T23:59:59.999-05:00" name="Test cases for undefined should return &apos;0-2-4-6-8- naranja&apos; for &apos;undefined&apos; @2018-01-31T23:59:59.999-05:00" time="0">
    </testcase>
    <testcase classname="Test cases for undefined should return &apos;1-3-5-7-9- azul&apos; for &apos;undefined&apos; @2018-03-31T00:00:00.000-05:00" name="Test cases for undefined should return &apos;1-3-5-7-9- azul&apos; for &apos;undefined&apos; @2018-03-31T00:00:00.000-05:00" time="0.001">
    </testcase>
    <testcase classname="Test cases for undefined should return &apos;1-3-5-7-9- azul&apos; for &apos;undefined&apos; @2018-03-31T23:59:59.999-05:00" name="Test cases for undefined should return &apos;1-3-5-7-9- azul&apos; for &apos;undefined&apos; @2018-03-31T23:59:59.999-05:00" time="0">
    </testcase>
    <testcase classname="Test cases for undefined should return &apos;0-2-4-6-8- naranja&apos; for &apos;undefined&apos; @2018-07-31T00:00:00.000-05:00" name="Test cases for undefined should return &apos;0-2-4-6-8- naranja&apos; for &apos;undefined&apos; @2018-07-31T00:00:00.000-05:00" time="0">
    </testcase>
    <testcase classname="Test cases for undefined should return &apos;0-2-4-6-8- naranja&apos; for &apos;undefined&apos; @2018-07-31T23:59:59.999-05:00" name="Test cases for undefined should return &apos;0-2-4-6-8- naranja&apos; for &apos;undefined&apos; @2018-07-31T23:59:59.999-05:00" time="0.001">
    </testcase>
    <testcase classname="Test cases for undefined should return &apos;1-3-5-7-9- azul&apos; for &apos;undefined&apos; @2018-08-31T00:00:00.000-05:00" name="Test cases for undefined should return &apos;1-3-5-7-9- azul&apos; for &apos;undefined&apos; @2018-08-31T00:00:00.000-05:00" time="0">
    </testcase>
    <testcase classname="Test cases for undefined should return &apos;1-3-5-7-9- azul&apos; for &apos;undefined&apos; @2018-08-31T23:59:59.999-05:00" name="Test cases for undefined should return &apos;1-3-5-7-9- azul&apos; for &apos;undefined&apos; @2018-08-31T23:59:59.999-05:00" time="0">
    </testcase>
    <testcase classname="Test cases for undefined should return &apos;0-2-4-6-8- naranja&apos; for &apos;undefined&apos; @2018-10-31T00:00:00.000-05:00" name="Test cases for undefined should return &apos;0-2-4-6-8- naranja&apos; for &apos;undefined&apos; @2018-10-31T00:00:00.000-05:00" time="0">
    </testcase>
    <testcase classname="Test cases for undefined should return &apos;0-2-4-6-8- naranja&apos; for &apos;undefined&apos; @2018-10-31T23:59:59.999-05:00" name="Test cases for undefined should return &apos;0-2-4-6-8- naranja&apos; for &apos;undefined&apos; @2018-10-31T23:59:59.999-05:00" time="0.001">
    </testcase>
    <testcase classname="Test cases for undefined should return &apos;1-3-5-7-9- azul&apos; for &apos;undefined&apos; @2018-12-31T00:00:00.000-05:00" name="Test cases for undefined should return &apos;1-3-5-7-9- azul&apos; for &apos;undefined&apos; @2018-12-31T00:00:00.000-05:00" time="0">
    </testcase>
    <testcase classname="Test cases for undefined should return &apos;1-3-5-7-9- azul&apos; for &apos;undefined&apos; @2018-12-31T23:59:59.999-05:00" name="Test cases for undefined should return &apos;1-3-5-7-9- azul&apos; for &apos;undefined&apos; @2018-12-31T23:59:59.999-05:00" time="0">
    </testcase>
    <testcase classname="&apos;pyp&apos; should be a function for [object Object] should be a function" name="&apos;pyp&apos; should be a function for [object Object] should be a function" time="0">
    </testcase>
    <testcase classname="Test for [object Object] info Should return an array for &apos;vehicleClasses&apos; of [object Object]" name="Test for [object Object] info Should return an array for &apos;vehicleClasses&apos; of [object Object]" time="0">
    </testcase>
    <testcase classname="Test for [object Object] info Should return scheme info of [object Object]" name="Test for [object Object] info Should return scheme info of [object Object]" time="0.001">
    </testcase>
    <testcase classname="Test for [object Object] info Should return decrees info for [object Object]" name="Test for [object Object] info Should return decrees info for [object Object]" time="0.002">
    </testcase>
    <testcase classname="Test for [object Object] info Should return hours info for [object Object]" name="Test for [object Object] info Should return hours info for [object Object]" time="0.001">
    </testcase>
  </testsuite>
  <testsuite name="Test cases for undefined" errors="0" failures="0" skipped="0" timestamp="2019-03-22T20:58:24" time="2.475" tests="21">
    <testcase classname="Test cases for undefined should return &apos;7-8&apos; for &apos;undefined&apos; @2018-01-01T00:00:00.000-05:00" name="Test cases for undefined should return &apos;7-8&apos; for &apos;undefined&apos; @2018-01-01T00:00:00.000-05:00" time="0.008">
    </testcase>
    <testcase classname="Test cases for undefined should return &apos;7-8&apos; for &apos;undefined&apos; @2018-01-01T23:59:59.999-05:00" name="Test cases for undefined should return &apos;7-8&apos; for &apos;undefined&apos; @2018-01-01T23:59:59.999-05:00" time="0.001">
    </testcase>
    <testcase classname="Test cases for undefined should return &apos;9-0&apos; for &apos;undefined&apos; @2018-07-31T00:00:00.000-05:00" name="Test cases for undefined should return &apos;9-0&apos; for &apos;undefined&apos; @2018-07-31T00:00:00.000-05:00" time="0">
    </testcase>
    <testcase classname="Test cases for undefined should return &apos;9-0&apos; for &apos;undefined&apos; @2018-07-31T23:59:59.999-05:00" name="Test cases for undefined should return &apos;9-0&apos; for &apos;undefined&apos; @2018-07-31T23:59:59.999-05:00" time="0.001">
    </testcase>
    <testcase classname="Test cases for undefined should return &apos;3-4&apos; for &apos;undefined&apos; @2018-01-04T00:00:00.000-05:00" name="Test cases for undefined should return &apos;3-4&apos; for &apos;undefined&apos; @2018-01-04T00:00:00.000-05:00" time="0">
    </testcase>
    <testcase classname="Test cases for undefined should return &apos;3-4&apos; for &apos;undefined&apos; @2018-01-04T23:59:59.999-05:00" name="Test cases for undefined should return &apos;3-4&apos; for &apos;undefined&apos; @2018-01-04T23:59:59.999-05:00" time="0.001">
    </testcase>
    <testcase classname="Test cases for undefined should return &apos;5-6&apos; for &apos;undefined&apos; @2018-01-05T00:00:00.000-05:00" name="Test cases for undefined should return &apos;5-6&apos; for &apos;undefined&apos; @2018-01-05T00:00:00.000-05:00" time="0">
    </testcase>
    <testcase classname="Test cases for undefined should return &apos;5-6&apos; for &apos;undefined&apos; @2018-01-05T23:59:59.999-05:00" name="Test cases for undefined should return &apos;5-6&apos; for &apos;undefined&apos; @2018-01-05T23:59:59.999-05:00" time="0">
    </testcase>
    <testcase classname="Test cases for undefined should return &apos;3-4&apos; for &apos;undefined&apos; @2018-03-15T00:00:00.000-05:00" name="Test cases for undefined should return &apos;3-4&apos; for &apos;undefined&apos; @2018-03-15T00:00:00.000-05:00" time="0.001">
    </testcase>
    <testcase classname="Test cases for undefined should return &apos;3-4&apos; for &apos;undefined&apos; @2018-03-15T23:59:59.999-05:00" name="Test cases for undefined should return &apos;3-4&apos; for &apos;undefined&apos; @2018-03-15T23:59:59.999-05:00" time="0">
    </testcase>
    <testcase classname="Test cases for undefined should return &apos;3-4&apos; for &apos;undefined&apos; @2018-08-01T00:00:00.000-05:00" name="Test cases for undefined should return &apos;3-4&apos; for &apos;undefined&apos; @2018-08-01T00:00:00.000-05:00" time="0.001">
    </testcase>
    <testcase classname="Test cases for undefined should return &apos;3-4&apos; for &apos;undefined&apos; @2018-08-01T23:59:59.999-05:00" name="Test cases for undefined should return &apos;3-4&apos; for &apos;undefined&apos; @2018-08-01T23:59:59.999-05:00" time="0">
    </testcase>
    <testcase classname="Test cases for undefined should return &apos;5-6&apos; for &apos;undefined&apos; @2018-08-02T00:00:00.000-05:00" name="Test cases for undefined should return &apos;5-6&apos; for &apos;undefined&apos; @2018-08-02T00:00:00.000-05:00" time="0.001">
    </testcase>
    <testcase classname="Test cases for undefined should return &apos;5-6&apos; for &apos;undefined&apos; @2018-08-02T23:59:59.999-05:00" name="Test cases for undefined should return &apos;5-6&apos; for &apos;undefined&apos; @2018-08-02T23:59:59.999-05:00" time="0">
    </testcase>
    <testcase classname="Test cases for undefined should return &apos;9-0&apos; for &apos;undefined&apos; @2019-01-07T00:00:00.000-05:00" name="Test cases for undefined should return &apos;9-0&apos; for &apos;undefined&apos; @2019-01-07T00:00:00.000-05:00" time="0">
    </testcase>
    <testcase classname="Test cases for undefined should return &apos;9-0&apos; for &apos;undefined&apos; @2019-01-07T23:59:59.999-05:00" name="Test cases for undefined should return &apos;9-0&apos; for &apos;undefined&apos; @2019-01-07T23:59:59.999-05:00" time="0.001">
    </testcase>
    <testcase classname="&apos;pyp&apos; should be a function for [object Object] should be a function" name="&apos;pyp&apos; should be a function for [object Object] should be a function" time="0">
    </testcase>
    <testcase classname="Test for [object Object] info Should return an array for &apos;vehicleClasses&apos; of [object Object]" name="Test for [object Object] info Should return an array for &apos;vehicleClasses&apos; of [object Object]" time="0.001">
    </testcase>
    <testcase classname="Test for [object Object] info Should return scheme info of [object Object]" name="Test for [object Object] info Should return scheme info of [object Object]" time="0.001">
    </testcase>
    <testcase classname="Test for [object Object] info Should return decrees info for [object Object]" name="Test for [object Object] info Should return decrees info for [object Object]" time="0.001">
    </testcase>
    <testcase classname="Test for [object Object] info Should return hours info for [object Object]" name="Test for [object Object] info Should return hours info for [object Object]" time="0.001">
    </testcase>
  </testsuite>
  <testsuite name="Test cases for undefined" errors="0" failures="0" skipped="0" timestamp="2019-03-22T20:58:24" time="2.526" tests="21">
    <testcase classname="Test cases for undefined should return &apos;7-8&apos; for &apos;undefined&apos; @2018-01-01T00:00:00.000-05:00" name="Test cases for undefined should return &apos;7-8&apos; for &apos;undefined&apos; @2018-01-01T00:00:00.000-05:00" time="0.007">
    </testcase>
    <testcase classname="Test cases for undefined should return &apos;7-8&apos; for &apos;undefined&apos; @2018-01-01T23:59:59.999-05:00" name="Test cases for undefined should return &apos;7-8&apos; for &apos;undefined&apos; @2018-01-01T23:59:59.999-05:00" time="0">
    </testcase>
    <testcase classname="Test cases for undefined should return &apos;9-0&apos; for &apos;undefined&apos; @2018-07-31T00:00:00.000-05:00" name="Test cases for undefined should return &apos;9-0&apos; for &apos;undefined&apos; @2018-07-31T00:00:00.000-05:00" time="0.001">
    </testcase>
    <testcase classname="Test cases for undefined should return &apos;9-0&apos; for &apos;undefined&apos; @2018-07-31T23:59:59.999-05:00" name="Test cases for undefined should return &apos;9-0&apos; for &apos;undefined&apos; @2018-07-31T23:59:59.999-05:00" time="0">
    </testcase>
    <testcase classname="Test cases for undefined should return &apos;3-4&apos; for &apos;undefined&apos; @2018-01-04T00:00:00.000-05:00" name="Test cases for undefined should return &apos;3-4&apos; for &apos;undefined&apos; @2018-01-04T00:00:00.000-05:00" time="0.001">
    </testcase>
    <testcase classname="Test cases for undefined should return &apos;3-4&apos; for &apos;undefined&apos; @2018-01-04T23:59:59.999-05:00" name="Test cases for undefined should return &apos;3-4&apos; for &apos;undefined&apos; @2018-01-04T23:59:59.999-05:00" time="0">
    </testcase>
    <testcase classname="Test cases for undefined should return &apos;5-6&apos; for &apos;undefined&apos; @2018-01-05T00:00:00.000-05:00" name="Test cases for undefined should return &apos;5-6&apos; for &apos;undefined&apos; @2018-01-05T00:00:00.000-05:00" time="0.001">
    </testcase>
    <testcase classname="Test cases for undefined should return &apos;5-6&apos; for &apos;undefined&apos; @2018-01-05T23:59:59.999-05:00" name="Test cases for undefined should return &apos;5-6&apos; for &apos;undefined&apos; @2018-01-05T23:59:59.999-05:00" time="0">
    </testcase>
    <testcase classname="Test cases for undefined should return &apos;3-4&apos; for &apos;undefined&apos; @2018-03-15T00:00:00.000-05:00" name="Test cases for undefined should return &apos;3-4&apos; for &apos;undefined&apos; @2018-03-15T00:00:00.000-05:00" time="0">
    </testcase>
    <testcase classname="Test cases for undefined should return &apos;3-4&apos; for &apos;undefined&apos; @2018-03-15T23:59:59.999-05:00" name="Test cases for undefined should return &apos;3-4&apos; for &apos;undefined&apos; @2018-03-15T23:59:59.999-05:00" time="0.001">
    </testcase>
    <testcase classname="Test cases for undefined should return &apos;3-4&apos; for &apos;undefined&apos; @2018-08-01T00:00:00.000-05:00" name="Test cases for undefined should return &apos;3-4&apos; for &apos;undefined&apos; @2018-08-01T00:00:00.000-05:00" time="0">
    </testcase>
    <testcase classname="Test cases for undefined should return &apos;3-4&apos; for &apos;undefined&apos; @2018-08-01T23:59:59.999-05:00" name="Test cases for undefined should return &apos;3-4&apos; for &apos;undefined&apos; @2018-08-01T23:59:59.999-05:00" time="0.001">
    </testcase>
    <testcase classname="Test cases for undefined should return &apos;5-6&apos; for &apos;undefined&apos; @2018-08-02T00:00:00.000-05:00" name="Test cases for undefined should return &apos;5-6&apos; for &apos;undefined&apos; @2018-08-02T00:00:00.000-05:00" time="0">
    </testcase>
    <testcase classname="Test cases for undefined should return &apos;5-6&apos; for &apos;undefined&apos; @2018-08-02T23:59:59.999-05:00" name="Test cases for undefined should return &apos;5-6&apos; for &apos;undefined&apos; @2018-08-02T23:59:59.999-05:00" time="0">
    </testcase>
    <testcase classname="Test cases for undefined should return &apos;9-0&apos; for &apos;undefined&apos; @2019-01-07T00:00:00.000-05:00" name="Test cases for undefined should return &apos;9-0&apos; for &apos;undefined&apos; @2019-01-07T00:00:00.000-05:00" time="0.001">
    </testcase>
    <testcase classname="Test cases for undefined should return &apos;9-0&apos; for &apos;undefined&apos; @2019-01-07T23:59:59.999-05:00" name="Test cases for undefined should return &apos;9-0&apos; for &apos;undefined&apos; @2019-01-07T23:59:59.999-05:00" time="0">
    </testcase>
    <testcase classname="&apos;pyp&apos; should be a function for [object Object] should be a function" name="&apos;pyp&apos; should be a function for [object Object] should be a function" time="0">
    </testcase>
    <testcase classname="Test for [object Object] info Should return an array for &apos;vehicleClasses&apos; of [object Object]" name="Test for [object Object] info Should return an array for &apos;vehicleClasses&apos; of [object Object]" time="0">
    </testcase>
    <testcase classname="Test for [object Object] info Should return scheme info of [object Object]" name="Test for [object Object] info Should return scheme info of [object Object]" time="0.001">
    </testcase>
    <testcase classname="Test for [object Object] info Should return decrees info for [object Object]" name="Test for [object Object] info Should return decrees info for [object Object]" time="0.001">
    </testcase>
    <testcase classname="Test for [object Object] info Should return hours info for [object Object]" name="Test for [object Object] info Should return hours info for [object Object]" time="0.002">
    </testcase>
  </testsuite>
  <testsuite name="Test cases for undefined" errors="0" failures="0" skipped="0" timestamp="2019-03-22T20:58:24" time="2.588" tests="117">
    <testcase classname="Test cases for undefined should return &apos;3&apos; for &apos;undefined&apos; @2018-02-01T00:00:00.000-05:00" name="Test cases for undefined should return &apos;3&apos; for &apos;undefined&apos; @2018-02-01T00:00:00.000-05:00" time="0.009">
    </testcase>
    <testcase classname="Test cases for undefined should return &apos;3&apos; for &apos;undefined&apos; @2018-02-01T23:59:59.999-05:00" name="Test cases for undefined should return &apos;3&apos; for &apos;undefined&apos; @2018-02-01T23:59:59.999-05:00" time="0.001">
    </testcase>
    <testcase classname="Test cases for undefined should return &apos;0&apos; for &apos;undefined&apos; @2018-02-06T00:00:00.000-05:00" name="Test cases for undefined should return &apos;0&apos; for &apos;undefined&apos; @2018-02-06T00:00:00.000-05:00" time="0">
    </testcase>
    <testcase classname="Test cases for undefined should return &apos;0&apos; for &apos;undefined&apos; @2018-02-06T23:59:59.999-05:00" name="Test cases for undefined should return &apos;0&apos; for &apos;undefined&apos; @2018-02-06T23:59:59.999-05:00" time="0.001">
    </testcase>
    <testcase classname="Test cases for undefined should return &apos;7&apos; for &apos;undefined&apos; @2018-03-01T00:00:00.000-05:00" name="Test cases for undefined should return &apos;7&apos; for &apos;undefined&apos; @2018-03-01T00:00:00.000-05:00" time="0">
    </testcase>
    <testcase classname="Test cases for undefined should return &apos;7&apos; for &apos;undefined&apos; @2018-03-01T23:59:59.999-05:00" name="Test cases for undefined should return &apos;7&apos; for &apos;undefined&apos; @2018-03-01T23:59:59.999-05:00" time="0">
    </testcase>
    <testcase classname="Test cases for undefined should return &apos;5&apos; for &apos;undefined&apos; @2018-03-14T00:00:00.000-05:00" name="Test cases for undefined should return &apos;5&apos; for &apos;undefined&apos; @2018-03-14T00:00:00.000-05:00" time="0">
    </testcase>
    <testcase classname="Test cases for undefined should return &apos;5&apos; for &apos;undefined&apos; @2018-03-14T23:59:59.999-05:00" name="Test cases for undefined should return &apos;5&apos; for &apos;undefined&apos; @2018-03-14T23:59:59.999-05:00" time="0">
    </testcase>
    <testcase classname="Test cases for undefined should return &apos;1&apos; for &apos;undefined&apos; @2018-04-06T00:00:00.000-05:00" name="Test cases for undefined should return &apos;1&apos; for &apos;undefined&apos; @2018-04-06T00:00:00.000-05:00" time="0.001">
    </testcase>
    <testcase classname="Test cases for undefined should return &apos;1&apos; for &apos;undefined&apos; @2018-04-06T23:59:59.999-05:00" name="Test cases for undefined should return &apos;1&apos; for &apos;undefined&apos; @2018-04-06T23:59:59.999-05:00" time="0">
    </testcase>
    <testcase classname="Test cases for undefined should return &apos;2&apos; for &apos;undefined&apos; @2018-04-30T00:00:00.000-05:00" name="Test cases for undefined should return &apos;2&apos; for &apos;undefined&apos; @2018-04-30T00:00:00.000-05:00" time="0.001">
    </testcase>
    <testcase classname="Test cases for undefined should return &apos;2&apos; for &apos;undefined&apos; @2018-04-30T23:59:59.999-05:00" name="Test cases for undefined should return &apos;2&apos; for &apos;undefined&apos; @2018-04-30T23:59:59.999-05:00" time="0">
    </testcase>
    <testcase classname="Test cases for undefined should return &apos;9&apos; for &apos;undefined&apos; @2018-05-02T00:00:00.000-05:00" name="Test cases for undefined should return &apos;9&apos; for &apos;undefined&apos; @2018-05-02T00:00:00.000-05:00" time="0.001">
    </testcase>
    <testcase classname="Test cases for undefined should return &apos;9&apos; for &apos;undefined&apos; @2018-05-02T23:59:59.999-05:00" name="Test cases for undefined should return &apos;9&apos; for &apos;undefined&apos; @2018-05-02T23:59:59.999-05:00" time="0">
    </testcase>
    <testcase classname="Test cases for undefined should return &apos;2&apos; for &apos;undefined&apos; @2018-05-08T00:00:00.000-05:00" name="Test cases for undefined should return &apos;2&apos; for &apos;undefined&apos; @2018-05-08T00:00:00.000-05:00" time="0.001">
    </testcase>
    <testcase classname="Test cases for undefined should return &apos;2&apos; for &apos;undefined&apos; @2018-05-08T23:59:59.999-05:00" name="Test cases for undefined should return &apos;2&apos; for &apos;undefined&apos; @2018-05-08T23:59:59.999-05:00" time="0">
    </testcase>
    <testcase classname="Test cases for undefined should return &apos;8&apos; for &apos;undefined&apos; @2018-05-09T00:00:00.000-05:00" name="Test cases for undefined should return &apos;8&apos; for &apos;undefined&apos; @2018-05-09T00:00:00.000-05:00" time="0">
    </testcase>
    <testcase classname="Test cases for undefined should return &apos;8&apos; for &apos;undefined&apos; @2018-05-09T23:59:59.999-05:00" name="Test cases for undefined should return &apos;8&apos; for &apos;undefined&apos; @2018-05-09T23:59:59.999-05:00" time="0">
    </testcase>
    <testcase classname="Test cases for undefined should return &apos;4&apos; for &apos;undefined&apos; @2018-05-10T00:00:00.000-05:00" name="Test cases for undefined should return &apos;4&apos; for &apos;undefined&apos; @2018-05-10T00:00:00.000-05:00" time="0.001">
    </testcase>
    <testcase classname="Test cases for undefined should return &apos;4&apos; for &apos;undefined&apos; @2018-05-10T23:59:59.999-05:00" name="Test cases for undefined should return &apos;4&apos; for &apos;undefined&apos; @2018-05-10T23:59:59.999-05:00" time="0">
    </testcase>
    <testcase classname="Test cases for undefined should return &apos;9&apos; for &apos;undefined&apos; @2018-05-31T00:00:00.000-05:00" name="Test cases for undefined should return &apos;9&apos; for &apos;undefined&apos; @2018-05-31T00:00:00.000-05:00" time="0">
    </testcase>
    <testcase classname="Test cases for undefined should return &apos;9&apos; for &apos;undefined&apos; @2018-05-31T23:59:59.999-05:00" name="Test cases for undefined should return &apos;9&apos; for &apos;undefined&apos; @2018-05-31T23:59:59.999-05:00" time="0.001">
    </testcase>
    <testcase classname="Test cases for undefined should return &apos;3&apos; for &apos;undefined&apos; @2018-06-28T00:00:00.000-05:00" name="Test cases for undefined should return &apos;3&apos; for &apos;undefined&apos; @2018-06-28T00:00:00.000-05:00" time="0">
    </testcase>
    <testcase classname="Test cases for undefined should return &apos;3&apos; for &apos;undefined&apos; @2018-06-28T23:59:59.999-05:00" name="Test cases for undefined should return &apos;3&apos; for &apos;undefined&apos; @2018-06-28T23:59:59.999-05:00" time="0.001">
    </testcase>
    <testcase classname="Test cases for undefined should return &apos;6&apos; for &apos;undefined&apos; @2018-07-04T00:00:00.000-05:00" name="Test cases for undefined should return &apos;6&apos; for &apos;undefined&apos; @2018-07-04T00:00:00.000-05:00" time="0">
    </testcase>
    <testcase classname="Test cases for undefined should return &apos;6&apos; for &apos;undefined&apos; @2018-07-04T23:59:59.999-05:00" name="Test cases for undefined should return &apos;6&apos; for &apos;undefined&apos; @2018-07-04T23:59:59.999-05:00" time="0">
    </testcase>
    <testcase classname="Test cases for undefined should return &apos;4&apos; for &apos;undefined&apos; @2018-07-30T00:00:00.000-05:00" name="Test cases for undefined should return &apos;4&apos; for &apos;undefined&apos; @2018-07-30T00:00:00.000-05:00" time="0.001">
    </testcase>
    <testcase classname="Test cases for undefined should return &apos;4&apos; for &apos;undefined&apos; @2018-07-30T23:59:59.999-05:00" name="Test cases for undefined should return &apos;4&apos; for &apos;undefined&apos; @2018-07-30T23:59:59.999-05:00" time="0.001">
    </testcase>
    <testcase classname="Test cases for undefined should return &apos;8&apos; for &apos;undefined&apos; @2018-08-03T00:00:00.000-05:00" name="Test cases for undefined should return &apos;8&apos; for &apos;undefined&apos; @2018-08-03T00:00:00.000-05:00" time="0">
    </testcase>
    <testcase classname="Test cases for undefined should return &apos;8&apos; for &apos;undefined&apos; @2018-08-03T23:59:59.999-05:00" name="Test cases for undefined should return &apos;8&apos; for &apos;undefined&apos; @2018-08-03T23:59:59.999-05:00" time="0">
    </testcase>
    <testcase classname="Test cases for undefined should return &apos;5&apos; for &apos;undefined&apos; @2018-08-29T00:00:00.000-05:00" name="Test cases for undefined should return &apos;5&apos; for &apos;undefined&apos; @2018-08-29T00:00:00.000-05:00" time="0">
    </testcase>
    <testcase classname="Test cases for undefined should return &apos;5&apos; for &apos;undefined&apos; @2018-08-29T23:59:59.999-05:00" name="Test cases for undefined should return &apos;5&apos; for &apos;undefined&apos; @2018-08-29T23:59:59.999-05:00" time="0">
    </testcase>
    <testcase classname="Test cases for undefined should return &apos;3&apos; for &apos;undefined&apos; @2018-09-04T00:00:00.000-05:00" name="Test cases for undefined should return &apos;3&apos; for &apos;undefined&apos; @2018-09-04T00:00:00.000-05:00" time="0">
    </testcase>
    <testcase classname="Test cases for undefined should return &apos;3&apos; for &apos;undefined&apos; @2018-09-04T23:59:59.999-05:00" name="Test cases for undefined should return &apos;3&apos; for &apos;undefined&apos; @2018-09-04T23:59:59.999-05:00" time="0.001">
    </testcase>
    <testcase classname="Test cases for undefined should return &apos;0&apos; for &apos;undefined&apos; @2018-09-20T00:00:00.000-05:00" name="Test cases for undefined should return &apos;0&apos; for &apos;undefined&apos; @2018-09-20T00:00:00.000-05:00" time="0">
    </testcase>
    <testcase classname="Test cases for undefined should return &apos;0&apos; for &apos;undefined&apos; @2018-09-20T23:59:59.999-05:00" name="Test cases for undefined should return &apos;0&apos; for &apos;undefined&apos; @2018-09-20T23:59:59.999-05:00" time="0.001">
    </testcase>
    <testcase classname="Test cases for undefined should return &apos;6&apos; for &apos;undefined&apos; @2018-09-28T00:00:00.000-05:00" name="Test cases for undefined should return &apos;6&apos; for &apos;undefined&apos; @2018-09-28T00:00:00.000-05:00" time="0">
    </testcase>
    <testcase classname="Test cases for undefined should return &apos;6&apos; for &apos;undefined&apos; @2018-09-28T23:59:59.999-05:00" name="Test cases for undefined should return &apos;6&apos; for &apos;undefined&apos; @2018-09-28T23:59:59.999-05:00" time="0">
    </testcase>
    <testcase classname="Test cases for undefined should return &apos;3&apos; for &apos;undefined&apos; @2018-10-03T00:00:00.000-05:00" name="Test cases for undefined should return &apos;3&apos; for &apos;undefined&apos; @2018-10-03T00:00:00.000-05:00" time="0.001">
    </testcase>
    <testcase classname="Test cases for undefined should return &apos;3&apos; for &apos;undefined&apos; @2018-10-03T23:59:59.999-05:00" name="Test cases for undefined should return &apos;3&apos; for &apos;undefined&apos; @2018-10-03T23:59:59.999-05:00" time="0">
    </testcase>
    <testcase classname="Test cases for undefined should return &apos;0&apos; for &apos;undefined&apos; @2018-10-05T00:00:00.000-05:00" name="Test cases for undefined should return &apos;0&apos; for &apos;undefined&apos; @2018-10-05T00:00:00.000-05:00" time="0">
    </testcase>
    <testcase classname="Test cases for undefined should return &apos;0&apos; for &apos;undefined&apos; @2018-10-05T23:59:59.999-05:00" name="Test cases for undefined should return &apos;0&apos; for &apos;undefined&apos; @2018-10-05T23:59:59.999-05:00" time="0">
    </testcase>
    <testcase classname="Test cases for undefined should return &apos;1&apos; for &apos;undefined&apos; @2018-10-29T00:00:00.000-05:00" name="Test cases for undefined should return &apos;1&apos; for &apos;undefined&apos; @2018-10-29T00:00:00.000-05:00" time="0">
    </testcase>
    <testcase classname="Test cases for undefined should return &apos;1&apos; for &apos;undefined&apos; @2018-10-29T23:59:59.999-05:00" name="Test cases for undefined should return &apos;1&apos; for &apos;undefined&apos; @2018-10-29T23:59:59.999-05:00" time="0.001">
    </testcase>
    <testcase classname="Test cases for undefined should return &apos;7&apos; for &apos;undefined&apos; @2018-10-30T00:00:00.000-05:00" name="Test cases for undefined should return &apos;7&apos; for &apos;undefined&apos; @2018-10-30T00:00:00.000-05:00" time="0">
    </testcase>
    <testcase classname="Test cases for undefined should return &apos;7&apos; for &apos;undefined&apos; @2018-10-30T23:59:59.999-05:00" name="Test cases for undefined should return &apos;7&apos; for &apos;undefined&apos; @2018-10-30T23:59:59.999-05:00" time="0">
    </testcase>
    <testcase classname="Test cases for undefined should return &apos;9&apos; for &apos;undefined&apos; @2018-11-01T00:00:00.000-05:00" name="Test cases for undefined should return &apos;9&apos; for &apos;undefined&apos; @2018-11-01T00:00:00.000-05:00" time="0">
    </testcase>
    <testcase classname="Test cases for undefined should return &apos;9&apos; for &apos;undefined&apos; @2018-11-01T23:59:59.999-05:00" name="Test cases for undefined should return &apos;9&apos; for &apos;undefined&apos; @2018-11-01T23:59:59.999-05:00" time="0.001">
    </testcase>
    <testcase classname="Test cases for undefined should return &apos;4&apos; for &apos;undefined&apos; @2018-11-09T00:00:00.000-05:00" name="Test cases for undefined should return &apos;4&apos; for &apos;undefined&apos; @2018-11-09T00:00:00.000-05:00" time="0">
    </testcase>
    <testcase classname="Test cases for undefined should return &apos;4&apos; for &apos;undefined&apos; @2018-11-09T23:59:59.999-05:00" name="Test cases for undefined should return &apos;4&apos; for &apos;undefined&apos; @2018-11-09T23:59:59.999-05:00" time="0">
    </testcase>
    <testcase classname="Test cases for undefined should return &apos;1&apos; for &apos;undefined&apos; @2018-11-27T00:00:00.000-05:00" name="Test cases for undefined should return &apos;1&apos; for &apos;undefined&apos; @2018-11-27T00:00:00.000-05:00" time="0">
    </testcase>
    <testcase classname="Test cases for undefined should return &apos;1&apos; for &apos;undefined&apos; @2018-11-27T23:59:59.999-05:00" name="Test cases for undefined should return &apos;1&apos; for &apos;undefined&apos; @2018-11-27T23:59:59.999-05:00" time="0.001">
    </testcase>
    <testcase classname="Test cases for undefined should return &apos;4&apos; for &apos;undefined&apos; @2018-12-03T00:00:00.000-05:00" name="Test cases for undefined should return &apos;4&apos; for &apos;undefined&apos; @2018-12-03T00:00:00.000-05:00" time="0">
    </testcase>
    <testcase classname="Test cases for undefined should return &apos;4&apos; for &apos;undefined&apos; @2018-12-03T23:59:59.999-05:00" name="Test cases for undefined should return &apos;4&apos; for &apos;undefined&apos; @2018-12-03T23:59:59.999-05:00" time="0">
    </testcase>
    <testcase classname="Test cases for undefined should return &apos;2&apos; for &apos;undefined&apos; @2018-12-06T00:00:00.000-05:00" name="Test cases for undefined should return &apos;2&apos; for &apos;undefined&apos; @2018-12-06T00:00:00.000-05:00" time="0">
    </testcase>
    <testcase classname="Test cases for undefined should return &apos;2&apos; for &apos;undefined&apos; @2018-12-06T23:59:59.999-05:00" name="Test cases for undefined should return &apos;2&apos; for &apos;undefined&apos; @2018-12-06T23:59:59.999-05:00" time="0.001">
    </testcase>
    <testcase classname="Test cases for undefined should return &apos;9&apos; for &apos;undefined&apos; @2018-12-10T00:00:00.000-05:00" name="Test cases for undefined should return &apos;9&apos; for &apos;undefined&apos; @2018-12-10T00:00:00.000-05:00" time="0">
    </testcase>
    <testcase classname="Test cases for undefined should return &apos;9&apos; for &apos;undefined&apos; @2018-12-10T23:59:59.999-05:00" name="Test cases for undefined should return &apos;9&apos; for &apos;undefined&apos; @2018-12-10T23:59:59.999-05:00" time="0">
    </testcase>
    <testcase classname="Test cases for undefined should return &apos;0&apos; for &apos;undefined&apos; @2018-12-11T00:00:00.000-05:00" name="Test cases for undefined should return &apos;0&apos; for &apos;undefined&apos; @2018-12-11T00:00:00.000-05:00" time="0">
    </testcase>
    <testcase classname="Test cases for undefined should return &apos;0&apos; for &apos;undefined&apos; @2018-12-11T23:59:59.999-05:00" name="Test cases for undefined should return &apos;0&apos; for &apos;undefined&apos; @2018-12-11T23:59:59.999-05:00" time="0">
    </testcase>
    <testcase classname="Test cases for undefined should return &apos;1&apos; for &apos;undefined&apos; @2018-12-12T00:00:00.000-05:00" name="Test cases for undefined should return &apos;1&apos; for &apos;undefined&apos; @2018-12-12T00:00:00.000-05:00" time="0.001">
    </testcase>
    <testcase classname="Test cases for undefined should return &apos;1&apos; for &apos;undefined&apos; @2018-12-12T23:59:59.999-05:00" name="Test cases for undefined should return &apos;1&apos; for &apos;undefined&apos; @2018-12-12T23:59:59.999-05:00" time="0">
    </testcase>
    <testcase classname="Test cases for undefined should return &apos;7&apos; for &apos;undefined&apos; @2018-12-13T00:00:00.000-05:00" name="Test cases for undefined should return &apos;7&apos; for &apos;undefined&apos; @2018-12-13T00:00:00.000-05:00" time="0">
    </testcase>
    <testcase classname="Test cases for undefined should return &apos;7&apos; for &apos;undefined&apos; @2018-12-13T23:59:59.999-05:00" name="Test cases for undefined should return &apos;7&apos; for &apos;undefined&apos; @2018-12-13T23:59:59.999-05:00" time="0.001">
    </testcase>
    <testcase classname="Test cases for undefined should return &apos;0&apos; for &apos;undefined&apos; @2018-12-11T00:00:00.000-05:00" name="Test cases for undefined should return &apos;0&apos; for &apos;undefined&apos; @2018-12-11T00:00:00.000-05:00" time="0">
    </testcase>
    <testcase classname="Test cases for undefined should return &apos;0&apos; for &apos;undefined&apos; @2018-12-11T23:59:59.999-05:00" name="Test cases for undefined should return &apos;0&apos; for &apos;undefined&apos; @2018-12-11T23:59:59.999-05:00" time="0">
    </testcase>
    <testcase classname="Test cases for undefined should return &apos;6&apos; for &apos;undefined&apos; @2018-12-19T00:00:00.000-05:00" name="Test cases for undefined should return &apos;6&apos; for &apos;undefined&apos; @2018-12-19T00:00:00.000-05:00" time="0">
    </testcase>
    <testcase classname="Test cases for undefined should return &apos;6&apos; for &apos;undefined&apos; @2018-12-19T23:59:59.999-05:00" name="Test cases for undefined should return &apos;6&apos; for &apos;undefined&apos; @2018-12-19T23:59:59.999-05:00" time="0.001">
    </testcase>
    <testcase classname="Test cases for undefined should return &apos;3&apos; for &apos;undefined&apos; @2018-12-28T00:00:00.000-05:00" name="Test cases for undefined should return &apos;3&apos; for &apos;undefined&apos; @2018-12-28T00:00:00.000-05:00" time="0">
    </testcase>
    <testcase classname="Test cases for undefined should return &apos;3&apos; for &apos;undefined&apos; @2018-12-28T23:59:59.999-05:00" name="Test cases for undefined should return &apos;3&apos; for &apos;undefined&apos; @2018-12-28T23:59:59.999-05:00" time="0">
    </testcase>
    <testcase classname="Test cases for undefined should return &apos;2&apos; for &apos;undefined&apos; @2019-01-03T00:00:00.000-05:00" name="Test cases for undefined should return &apos;2&apos; for &apos;undefined&apos; @2019-01-03T00:00:00.000-05:00" time="0.001">
    </testcase>
    <testcase classname="Test cases for undefined should return &apos;2&apos; for &apos;undefined&apos; @2019-01-03T23:59:59.999-05:00" name="Test cases for undefined should return &apos;2&apos; for &apos;undefined&apos; @2019-01-03T23:59:59.999-05:00" time="0">
    </testcase>
    <testcase classname="Test cases for undefined should return &apos;8&apos; for &apos;undefined&apos; @2019-01-04T00:00:00.000-05:00" name="Test cases for undefined should return &apos;8&apos; for &apos;undefined&apos; @2019-01-04T00:00:00.000-05:00" time="0">
    </testcase>
    <testcase classname="Test cases for undefined should return &apos;8&apos; for &apos;undefined&apos; @2019-01-04T23:59:59.999-05:00" name="Test cases for undefined should return &apos;8&apos; for &apos;undefined&apos; @2019-01-04T23:59:59.999-05:00" time="0">
    </testcase>
    <testcase classname="Test cases for undefined should return &apos;4&apos; for &apos;undefined&apos; @2019-01-08T00:00:00.000-05:00" name="Test cases for undefined should return &apos;4&apos; for &apos;undefined&apos; @2019-01-08T00:00:00.000-05:00" time="0.001">
    </testcase>
    <testcase classname="Test cases for undefined should return &apos;4&apos; for &apos;undefined&apos; @2019-01-08T23:59:59.999-05:00" name="Test cases for undefined should return &apos;4&apos; for &apos;undefined&apos; @2019-01-08T23:59:59.999-05:00" time="0">
    </testcase>
    <testcase classname="Test cases for undefined should return &apos;5&apos; for &apos;undefined&apos; @2019-01-09T00:00:00.000-05:00" name="Test cases for undefined should return &apos;5&apos; for &apos;undefined&apos; @2019-01-09T00:00:00.000-05:00" time="0">
    </testcase>
    <testcase classname="Test cases for undefined should return &apos;5&apos; for &apos;undefined&apos; @2019-01-09T23:59:59.999-05:00" name="Test cases for undefined should return &apos;5&apos; for &apos;undefined&apos; @2019-01-09T23:59:59.999-05:00" time="0">
    </testcase>
    <testcase classname="Test cases for undefined should return &apos;1&apos; for &apos;undefined&apos; @2019-01-10T00:00:00.000-05:00" name="Test cases for undefined should return &apos;1&apos; for &apos;undefined&apos; @2019-01-10T00:00:00.000-05:00" time="0.001">
    </testcase>
    <testcase classname="Test cases for undefined should return &apos;1&apos; for &apos;undefined&apos; @2019-01-10T23:59:59.999-05:00" name="Test cases for undefined should return &apos;1&apos; for &apos;undefined&apos; @2019-01-10T23:59:59.999-05:00" time="0">
    </testcase>
    <testcase classname="Test cases for undefined should return &apos;7&apos; for &apos;undefined&apos; @2019-01-11T00:00:00.000-05:00" name="Test cases for undefined should return &apos;7&apos; for &apos;undefined&apos; @2019-01-11T00:00:00.000-05:00" time="0">
    </testcase>
    <testcase classname="Test cases for undefined should return &apos;7&apos; for &apos;undefined&apos; @2019-01-11T23:59:59.999-05:00" name="Test cases for undefined should return &apos;7&apos; for &apos;undefined&apos; @2019-01-11T23:59:59.999-05:00" time="0">
    </testcase>
    <testcase classname="Test cases for undefined should return &apos;8&apos; for &apos;undefined&apos; @2019-01-14T00:00:00.000-05:00" name="Test cases for undefined should return &apos;8&apos; for &apos;undefined&apos; @2019-01-14T00:00:00.000-05:00" time="0">
    </testcase>
    <testcase classname="Test cases for undefined should return &apos;8&apos; for &apos;undefined&apos; @2019-01-14T23:59:59.999-05:00" name="Test cases for undefined should return &apos;8&apos; for &apos;undefined&apos; @2019-01-14T23:59:59.999-05:00" time="0.001">
    </testcase>
    <testcase classname="Test cases for undefined should return &apos;9&apos; for &apos;undefined&apos; @2019-01-15T00:00:00.000-05:00" name="Test cases for undefined should return &apos;9&apos; for &apos;undefined&apos; @2019-01-15T00:00:00.000-05:00" time="0">
    </testcase>
    <testcase classname="Test cases for undefined should return &apos;9&apos; for &apos;undefined&apos; @2019-01-15T23:59:59.999-05:00" name="Test cases for undefined should return &apos;9&apos; for &apos;undefined&apos; @2019-01-15T23:59:59.999-05:00" time="0">
    </testcase>
    <testcase classname="Test cases for undefined should return &apos;0&apos; for &apos;undefined&apos; @2019-01-16T00:00:00.000-05:00" name="Test cases for undefined should return &apos;0&apos; for &apos;undefined&apos; @2019-01-16T00:00:00.000-05:00" time="0">
    </testcase>
    <testcase classname="Test cases for undefined should return &apos;0&apos; for &apos;undefined&apos; @2019-01-16T23:59:59.999-05:00" name="Test cases for undefined should return &apos;0&apos; for &apos;undefined&apos; @2019-01-16T23:59:59.999-05:00" time="0">
    </testcase>
    <testcase classname="Test cases for undefined should return &apos;0&apos; for &apos;undefined&apos; @2019-01-16T00:00:00.000-05:00" name="Test cases for undefined should return &apos;0&apos; for &apos;undefined&apos; @2019-01-16T00:00:00.000-05:00" time="0.001">
    </testcase>
    <testcase classname="Test cases for undefined should return &apos;0&apos; for &apos;undefined&apos; @2019-01-16T23:59:59.999-05:00" name="Test cases for undefined should return &apos;0&apos; for &apos;undefined&apos; @2019-01-16T23:59:59.999-05:00" time="0">
    </testcase>
    <testcase classname="Test cases for undefined should return &apos;6&apos; for &apos;undefined&apos; @2019-01-17T00:00:00.000-05:00" name="Test cases for undefined should return &apos;6&apos; for &apos;undefined&apos; @2019-01-17T00:00:00.000-05:00" time="0">
    </testcase>
    <testcase classname="Test cases for undefined should return &apos;6&apos; for &apos;undefined&apos; @2019-01-17T23:59:59.999-05:00" name="Test cases for undefined should return &apos;6&apos; for &apos;undefined&apos; @2019-01-17T23:59:59.999-05:00" time="0">
    </testcase>
    <testcase classname="Test cases for undefined should return &apos;2&apos; for &apos;undefined&apos; @2019-01-18T00:00:00.000-05:00" name="Test cases for undefined should return &apos;2&apos; for &apos;undefined&apos; @2019-01-18T00:00:00.000-05:00" time="0.001">
    </testcase>
    <testcase classname="Test cases for undefined should return &apos;2&apos; for &apos;undefined&apos; @2019-01-18T23:59:59.999-05:00" name="Test cases for undefined should return &apos;2&apos; for &apos;undefined&apos; @2019-01-18T23:59:59.999-05:00" time="0">
    </testcase>
    <testcase classname="Test cases for undefined should return &apos;3&apos; for &apos;undefined&apos; @2019-01-21T00:00:00.000-05:00" name="Test cases for undefined should return &apos;3&apos; for &apos;undefined&apos; @2019-01-21T00:00:00.000-05:00" time="0">
    </testcase>
    <testcase classname="Test cases for undefined should return &apos;3&apos; for &apos;undefined&apos; @2019-01-21T23:59:59.999-05:00" name="Test cases for undefined should return &apos;3&apos; for &apos;undefined&apos; @2019-01-21T23:59:59.999-05:00" time="0">
    </testcase>
    <testcase classname="Test cases for undefined should return &apos;4&apos; for &apos;undefined&apos; @2019-01-22T00:00:00.000-05:00" name="Test cases for undefined should return &apos;4&apos; for &apos;undefined&apos; @2019-01-22T00:00:00.000-05:00" time="0">
    </testcase>
    <testcase classname="Test cases for undefined should return &apos;4&apos; for &apos;undefined&apos; @2019-01-22T23:59:59.999-05:00" name="Test cases for undefined should return &apos;4&apos; for &apos;undefined&apos; @2019-01-22T23:59:59.999-05:00" time="0.001">
    </testcase>
    <testcase classname="Test cases for undefined should return &apos;5&apos; for &apos;undefined&apos; @2019-01-23T00:00:00.000-05:00" name="Test cases for undefined should return &apos;5&apos; for &apos;undefined&apos; @2019-01-23T00:00:00.000-05:00" time="0">
    </testcase>
    <testcase classname="Test cases for undefined should return &apos;5&apos; for &apos;undefined&apos; @2019-01-23T23:59:59.999-05:00" name="Test cases for undefined should return &apos;5&apos; for &apos;undefined&apos; @2019-01-23T23:59:59.999-05:00" time="0">
    </testcase>
    <testcase classname="Test cases for undefined should return &apos;1&apos; for &apos;undefined&apos; @2019-01-24T00:00:00.000-05:00" name="Test cases for undefined should return &apos;1&apos; for &apos;undefined&apos; @2019-01-24T00:00:00.000-05:00" time="0">
    </testcase>
    <testcase classname="Test cases for undefined should return &apos;1&apos; for &apos;undefined&apos; @2019-01-24T23:59:59.999-05:00" name="Test cases for undefined should return &apos;1&apos; for &apos;undefined&apos; @2019-01-24T23:59:59.999-05:00" time="0.001">
    </testcase>
    <testcase classname="Test cases for undefined should return &apos;7&apos; for &apos;undefined&apos; @2019-01-25T00:00:00.000-05:00" name="Test cases for undefined should return &apos;7&apos; for &apos;undefined&apos; @2019-01-25T00:00:00.000-05:00" time="0">
    </testcase>
    <testcase classname="Test cases for undefined should return &apos;7&apos; for &apos;undefined&apos; @2019-01-25T23:59:59.999-05:00" name="Test cases for undefined should return &apos;7&apos; for &apos;undefined&apos; @2019-01-25T23:59:59.999-05:00" time="0">
    </testcase>
    <testcase classname="Test cases for undefined should return &apos;8&apos; for &apos;undefined&apos; @2019-01-28T00:00:00.000-05:00" name="Test cases for undefined should return &apos;8&apos; for &apos;undefined&apos; @2019-01-28T00:00:00.000-05:00" time="0">
    </testcase>
    <testcase classname="Test cases for undefined should return &apos;8&apos; for &apos;undefined&apos; @2019-01-28T23:59:59.999-05:00" name="Test cases for undefined should return &apos;8&apos; for &apos;undefined&apos; @2019-01-28T23:59:59.999-05:00" time="0.001">
    </testcase>
    <testcase classname="Test cases for undefined should return &apos;9&apos; for &apos;undefined&apos; @2019-01-29T00:00:00.000-05:00" name="Test cases for undefined should return &apos;9&apos; for &apos;undefined&apos; @2019-01-29T00:00:00.000-05:00" time="0">
    </testcase>
    <testcase classname="Test cases for undefined should return &apos;9&apos; for &apos;undefined&apos; @2019-01-29T23:59:59.999-05:00" name="Test cases for undefined should return &apos;9&apos; for &apos;undefined&apos; @2019-01-29T23:59:59.999-05:00" time="0">
    </testcase>
    <testcase classname="Test cases for undefined should return &apos;0&apos; for &apos;undefined&apos; @2019-01-30T00:00:00.000-05:00" name="Test cases for undefined should return &apos;0&apos; for &apos;undefined&apos; @2019-01-30T00:00:00.000-05:00" time="0">
    </testcase>
    <testcase classname="Test cases for undefined should return &apos;0&apos; for &apos;undefined&apos; @2019-01-30T23:59:59.999-05:00" name="Test cases for undefined should return &apos;0&apos; for &apos;undefined&apos; @2019-01-30T23:59:59.999-05:00" time="0.001">
    </testcase>
[...]
    </testcase>
    <testcase classname="Test API endpoints should GET /ocana/particulares?date=2018-10-22" name="Test API endpoints should GET /ocana/particulares?date=2018-10-22" time="0">
    </testcase>
    <testcase classname="Test API endpoints should GET /ocana/particulares?date=2018-10-22&amp;days=5" name="Test API endpoints should GET /ocana/particulares?date=2018-10-22&amp;days=5" time="0.001">
    </testcase>
    <testcase classname="Test API endpoints should GET /pamplona" name="Test API endpoints should GET /pamplona" time="0.001">
    </testcase>
    <testcase classname="Test API endpoints should return 404 for GET /pamplona/nonExistingCategory" name="Test API endpoints should return 404 for GET /pamplona/nonExistingCategory" time="0">
    </testcase>
    <testcase classname="Test API endpoints should GET /pamplona/motos" name="Test API endpoints should GET /pamplona/motos" time="0.001">
    </testcase>
    <testcase classname="Test API endpoints should GET /pamplona/motos?date=2018-10-22" name="Test API endpoints should GET /pamplona/motos?date=2018-10-22" time="0">
    </testcase>
    <testcase classname="Test API endpoints should GET /pamplona/motos?date=2018-10-22&amp;days=5" name="Test API endpoints should GET /pamplona/motos?date=2018-10-22&amp;days=5" time="0.001">
    </testcase>
    <testcase classname="Test API endpoints should return 404 for GET /pamplona/nonExistingCategory" name="Test API endpoints should return 404 for GET /pamplona/nonExistingCategory" time="0">
    </testcase>
    <testcase classname="Test API endpoints should GET /pamplona/particulares" name="Test API endpoints should GET /pamplona/particulares" time="0.001">
    </testcase>
    <testcase classname="Test API endpoints should GET /pamplona/particulares?date=2018-10-22" name="Test API endpoints should GET /pamplona/particulares?date=2018-10-22" time="0.001">
    </testcase>
    <testcase classname="Test API endpoints should GET /pamplona/particulares?date=2018-10-22&amp;days=5" name="Test API endpoints should GET /pamplona/particulares?date=2018-10-22&amp;days=5" time="0.001">
    </testcase>
    <testcase classname="Test API endpoints should GET /pasto" name="Test API endpoints should GET /pasto" time="0.001">
    </testcase>
    <testcase classname="Test API endpoints should return 404 for GET /pasto/nonExistingCategory" name="Test API endpoints should return 404 for GET /pasto/nonExistingCategory" time="0">
    </testcase>
    <testcase classname="Test API endpoints should GET /pasto/motos" name="Test API endpoints should GET /pasto/motos" time="0.001">
    </testcase>
    <testcase classname="Test API endpoints should GET /pasto/motos?date=2018-10-22" name="Test API endpoints should GET /pasto/motos?date=2018-10-22" time="0.001">
    </testcase>
    <testcase classname="Test API endpoints should GET /pasto/motos?date=2018-10-22&amp;days=5" name="Test API endpoints should GET /pasto/motos?date=2018-10-22&amp;days=5" time="0.001">
    </testcase>
    <testcase classname="Test API endpoints should return 404 for GET /pasto/nonExistingCategory" name="Test API endpoints should return 404 for GET /pasto/nonExistingCategory" time="0">
    </testcase>
    <testcase classname="Test API endpoints should GET /pasto/particulares" name="Test API endpoints should GET /pasto/particulares" time="0.001">
    </testcase>
    <testcase classname="Test API endpoints should GET /pasto/particulares?date=2018-10-22" name="Test API endpoints should GET /pasto/particulares?date=2018-10-22" time="0">
    </testcase>
    <testcase classname="Test API endpoints should GET /pasto/particulares?date=2018-10-22&amp;days=5" name="Test API endpoints should GET /pasto/particulares?date=2018-10-22&amp;days=5" time="0.001">
    </testcase>
    <testcase classname="Test API endpoints should GET /pereira" name="Test API endpoints should GET /pereira" time="0.001">
    </testcase>
    <testcase classname="Test API endpoints should return 404 for GET /pereira/nonExistingCategory" name="Test API endpoints should return 404 for GET /pereira/nonExistingCategory" time="0">
    </testcase>
    <testcase classname="Test API endpoints should GET /pereira/motos" name="Test API endpoints should GET /pereira/motos" time="0.001">
    </testcase>
    <testcase classname="Test API endpoints should GET /pereira/motos?date=2018-10-22" name="Test API endpoints should GET /pereira/motos?date=2018-10-22" time="0">
    </testcase>
    <testcase classname="Test API endpoints should GET /pereira/motos?date=2018-10-22&amp;days=5" name="Test API endpoints should GET /pereira/motos?date=2018-10-22&amp;days=5" time="0.001">
    </testcase>
    <testcase classname="Test API endpoints should return 404 for GET /pereira/nonExistingCategory" name="Test API endpoints should return 404 for GET /pereira/nonExistingCategory" time="0">
    </testcase>
    <testcase classname="Test API endpoints should GET /pereira/particulares" name="Test API endpoints should GET /pereira/particulares" time="0.001">
    </testcase>
    <testcase classname="Test API endpoints should GET /pereira/particulares?date=2018-10-22" name="Test API endpoints should GET /pereira/particulares?date=2018-10-22" time="0.001">
    </testcase>
    <testcase classname="Test API endpoints should GET /pereira/particulares?date=2018-10-22&amp;days=5" name="Test API endpoints should GET /pereira/particulares?date=2018-10-22&amp;days=5" time="0">
    </testcase>
    <testcase classname="Test API endpoints should GET /popayan" name="Test API endpoints should GET /popayan" time="0.001">
    </testcase>
    <testcase classname="Test API endpoints should return 404 for GET /popayan/nonExistingCategory" name="Test API endpoints should return 404 for GET /popayan/nonExistingCategory" time="0">
    </testcase>
    <testcase classname="Test API endpoints should GET /popayan/motos" name="Test API endpoints should GET /popayan/motos" time="0.002">
    </testcase>
    <testcase classname="Test API endpoints should GET /popayan/motos?date=2018-10-22" name="Test API endpoints should GET /popayan/motos?date=2018-10-22" time="0">
    </testcase>
    <testcase classname="Test API endpoints should GET /popayan/motos?date=2018-10-22&amp;days=5" name="Test API endpoints should GET /popayan/motos?date=2018-10-22&amp;days=5" time="0.001">
    </testcase>
    <testcase classname="Test API endpoints should return 404 for GET /popayan/nonExistingCategory" name="Test API endpoints should return 404 for GET /popayan/nonExistingCategory" time="0">
    </testcase>
    <testcase classname="Test API endpoints should GET /popayan/particulares" name="Test API endpoints should GET /popayan/particulares" time="0.002">
    </testcase>
    <testcase classname="Test API endpoints should GET /popayan/particulares?date=2018-10-22" name="Test API endpoints should GET /popayan/particulares?date=2018-10-22" time="0">
    </testcase>
    <testcase classname="Test API endpoints should GET /popayan/particulares?date=2018-10-22&amp;days=5" name="Test API endpoints should GET /popayan/particulares?date=2018-10-22&amp;days=5" time="0.001">
    </testcase>
    <testcase classname="Test API endpoints should return 404 for GET /popayan/nonExistingCategory" name="Test API endpoints should return 404 for GET /popayan/nonExistingCategory" time="0">
    </testcase>
    <testcase classname="Test API endpoints should GET /popayan/transporte-publico-colectivo" name="Test API endpoints should GET /popayan/transporte-publico-colectivo" time="0.001">
    </testcase>
    <testcase classname="Test API endpoints should GET /popayan/transporte-publico-colectivo?date=2018-10-22" name="Test API endpoints should GET /popayan/transporte-publico-colectivo?date=2018-10-22" time="0.001">
    </testcase>
    <testcase classname="Test API endpoints should GET /popayan/transporte-publico-colectivo?date=2018-10-22&amp;days=5" name="Test API endpoints should GET /popayan/transporte-publico-colectivo?date=2018-10-22&amp;days=5" time="0">
    </testcase>
    <testcase classname="Test API endpoints should GET /quibdo" name="Test API endpoints should GET /quibdo" time="0.001">
    </testcase>
    <testcase classname="Test API endpoints should return 404 for GET /quibdo/nonExistingCategory" name="Test API endpoints should return 404 for GET /quibdo/nonExistingCategory" time="0">
    </testcase>
    <testcase classname="Test API endpoints should GET /quibdo/motos" name="Test API endpoints should GET /quibdo/motos" time="0.001">
    </testcase>
    <testcase classname="Test API endpoints should GET /quibdo/motos?date=2018-10-22" name="Test API endpoints should GET /quibdo/motos?date=2018-10-22" time="0.001">
    </testcase>
    <testcase classname="Test API endpoints should GET /quibdo/motos?date=2018-10-22&amp;days=5" name="Test API endpoints should GET /quibdo/motos?date=2018-10-22&amp;days=5" time="0">
    </testcase>
    <testcase classname="Test API endpoints should return 404 for GET /quibdo/nonExistingCategory" name="Test API endpoints should return 404 for GET /quibdo/nonExistingCategory" time="0.001">
    </testcase>
    <testcase classname="Test API endpoints should GET /quibdo/particulares" name="Test API endpoints should GET /quibdo/particulares" time="0">
    </testcase>
    <testcase classname="Test API endpoints should GET /quibdo/particulares?date=2018-10-22" name="Test API endpoints should GET /quibdo/particulares?date=2018-10-22" time="0.001">
    </testcase>
    <testcase classname="Test API endpoints should GET /quibdo/particulares?date=2018-10-22&amp;days=5" name="Test API endpoints should GET /quibdo/particulares?date=2018-10-22&amp;days=5" time="0.001">
    </testcase>
    <testcase classname="Test API endpoints should GET /santa-marta" name="Test API endpoints should GET /santa-marta" time="0.001">
    </testcase>
    <testcase classname="Test API endpoints should return 404 for GET /santa-marta/nonExistingCategory" name="Test API endpoints should return 404 for GET /santa-marta/nonExistingCategory" time="0">
    </testcase>
    <testcase classname="Test API endpoints should GET /santa-marta/motos" name="Test API endpoints should GET /santa-marta/motos" time="0.001">
    </testcase>
    <testcase classname="Test API endpoints should GET /santa-marta/motos?date=2018-10-22" name="Test API endpoints should GET /santa-marta/motos?date=2018-10-22" time="0.001">
    </testcase>
    <testcase classname="Test API endpoints should GET /santa-marta/motos?date=2018-10-22&amp;days=5" name="Test API endpoints should GET /santa-marta/motos?date=2018-10-22&amp;days=5" time="0.001">
    </testcase>
    <testcase classname="Test API endpoints should return 404 for GET /santa-marta/nonExistingCategory" name="Test API endpoints should return 404 for GET /santa-marta/nonExistingCategory" time="0">
    </testcase>
    <testcase classname="Test API endpoints should GET /santa-marta/particulares" name="Test API endpoints should GET /santa-marta/particulares" time="0.001">
    </testcase>
    <testcase classname="Test API endpoints should GET /santa-marta/particulares?date=2018-10-22" name="Test API endpoints should GET /santa-marta/particulares?date=2018-10-22" time="0.001">
    </testcase>
    <testcase classname="Test API endpoints should GET /santa-marta/particulares?date=2018-10-22&amp;days=5" name="Test API endpoints should GET /santa-marta/particulares?date=2018-10-22&amp;days=5" time="0">
    </testcase>
    <testcase classname="Test API endpoints should return 404 for GET /santa-marta/nonExistingCategory" name="Test API endpoints should return 404 for GET /santa-marta/nonExistingCategory" time="0">
    </testcase>
    <testcase classname="Test API endpoints should GET /santa-marta/taxis" name="Test API endpoints should GET /santa-marta/taxis" time="0.001">
    </testcase>
    <testcase classname="Test API endpoints should GET /santa-marta/taxis?date=2018-10-22" name="Test API endpoints should GET /santa-marta/taxis?date=2018-10-22" time="0">
    </testcase>
    <testcase classname="Test API endpoints should GET /santa-marta/taxis?date=2018-10-22&amp;days=5" name="Test API endpoints should GET /santa-marta/taxis?date=2018-10-22&amp;days=5" time="0.001">
    </testcase>
    <testcase classname="Test API endpoints should GET /soledad" name="Test API endpoints should GET /soledad" time="0.001">
    </testcase>
    <testcase classname="Test API endpoints should return 404 for GET /soledad/nonExistingCategory" name="Test API endpoints should return 404 for GET /soledad/nonExistingCategory" time="0">
    </testcase>
    <testcase classname="Test API endpoints should GET /soledad/motocarros" name="Test API endpoints should GET /soledad/motocarros" time="0.001">
    </testcase>
    <testcase classname="Test API endpoints should GET /soledad/motocarros?date=2018-10-22" name="Test API endpoints should GET /soledad/motocarros?date=2018-10-22" time="0.001">
    </testcase>
    <testcase classname="Test API endpoints should GET /soledad/motocarros?date=2018-10-22&amp;days=5" name="Test API endpoints should GET /soledad/motocarros?date=2018-10-22&amp;days=5" time="0">
    </testcase>
    <testcase classname="Test API endpoints should return 404 for GET /soledad/nonExistingCategory" name="Test API endpoints should return 404 for GET /soledad/nonExistingCategory" time="0.001">
    </testcase>
    <testcase classname="Test API endpoints should GET /soledad/motos" name="Test API endpoints should GET /soledad/motos" time="0">
    </testcase>
    <testcase classname="Test API endpoints should GET /soledad/motos?date=2018-10-22" name="Test API endpoints should GET /soledad/motos?date=2018-10-22" time="0.001">
    </testcase>
    <testcase classname="Test API endpoints should GET /soledad/motos?date=2018-10-22&amp;days=5" name="Test API endpoints should GET /soledad/motos?date=2018-10-22&amp;days=5" time="0.001">
    </testcase>
    <testcase classname="Test API endpoints should GET /tunja" name="Test API endpoints should GET /tunja" time="0.001">
    </testcase>
    <testcase classname="Test API endpoints should return 404 for GET /tunja/nonExistingCategory" name="Test API endpoints should return 404 for GET /tunja/nonExistingCategory" time="0">
    </testcase>
    <testcase classname="Test API endpoints should GET /tunja/particulares" name="Test API endpoints should GET /tunja/particulares" time="0.001">
    </testcase>
    <testcase classname="Test API endpoints should GET /tunja/particulares?date=2018-10-22" name="Test API endpoints should GET /tunja/particulares?date=2018-10-22" time="0.001">
    </testcase>
    <testcase classname="Test API endpoints should GET /tunja/particulares?date=2018-10-22&amp;days=5" name="Test API endpoints should GET /tunja/particulares?date=2018-10-22&amp;days=5" time="0">
    </testcase>
    <testcase classname="Test API endpoints should return 404 for GET /tunja/nonExistingCategory" name="Test API endpoints should return 404 for GET /tunja/nonExistingCategory" time="0.001">
    </testcase>
    <testcase classname="Test API endpoints should GET /tunja/taxis" name="Test API endpoints should GET /tunja/taxis" time="0">
    </testcase>
    <testcase classname="Test API endpoints should GET /tunja/taxis?date=2018-10-22" name="Test API endpoints should GET /tunja/taxis?date=2018-10-22" time="0.001">
    </testcase>
    <testcase classname="Test API endpoints should GET /tunja/taxis?date=2018-10-22&amp;days=5" name="Test API endpoints should GET /tunja/taxis?date=2018-10-22&amp;days=5" time="0.001">
    </testcase>
    <testcase classname="Test API endpoints should GET /turbaco" name="Test API endpoints should GET /turbaco" time="0">
    </testcase>
    <testcase classname="Test API endpoints should return 404 for GET /turbaco/nonExistingCategory" name="Test API endpoints should return 404 for GET /turbaco/nonExistingCategory" time="0">
    </testcase>
    <testcase classname="Test API endpoints should GET /turbaco/motos" name="Test API endpoints should GET /turbaco/motos" time="0.001">
    </testcase>
    <testcase classname="Test API endpoints should GET /turbaco/motos?date=2018-10-22" name="Test API endpoints should GET /turbaco/motos?date=2018-10-22" time="0.001">
    </testcase>
    <testcase classname="Test API endpoints should GET /turbaco/motos?date=2018-10-22&amp;days=5" name="Test API endpoints should GET /turbaco/motos?date=2018-10-22&amp;days=5" time="0">
    </testcase>
    <testcase classname="Test API endpoints should GET /villavicencio" name="Test API endpoints should GET /villavicencio" time="0.001">
    </testcase>
    <testcase classname="Test API endpoints should return 404 for GET /villavicencio/nonExistingCategory" name="Test API endpoints should return 404 for GET /villavicencio/nonExistingCategory" time="0.001">
    </testcase>
    <testcase classname="Test API endpoints should GET /villavicencio/transporte-de-carga" name="Test API endpoints should GET /villavicencio/transporte-de-carga" time="0">
    </testcase>
    <testcase classname="Test API endpoints should GET /villavicencio/transporte-de-carga?date=2018-10-22" name="Test API endpoints should GET /villavicencio/transporte-de-carga?date=2018-10-22" time="0.001">
    </testcase>
    <testcase classname="Test API endpoints should GET /villavicencio/transporte-de-carga?date=2018-10-22&amp;days=5" name="Test API endpoints should GET /villavicencio/transporte-de-carga?date=2018-10-22&amp;days=5" time="0">
    </testcase>
    <testcase classname="Test API endpoints should return 404 for GET /villavicencio/nonExistingCategory" name="Test API endpoints should return 404 for GET /villavicencio/nonExistingCategory" time="0.001">
    </testcase>
    <testcase classname="Test API endpoints should GET /villavicencio/motos" name="Test API endpoints should GET /villavicencio/motos" time="0">
    </testcase>
    <testcase classname="Test API endpoints should GET /villavicencio/motos?date=2018-10-22" name="Test API endpoints should GET /villavicencio/motos?date=2018-10-22" time="0.001">
    </testcase>
    <testcase classname="Test API endpoints should GET /villavicencio/motos?date=2018-10-22&amp;days=5" name="Test API endpoints should GET /villavicencio/motos?date=2018-10-22&amp;days=5" time="0.001">
    </testcase>
    <testcase classname="Test API endpoints should return 404 for GET /villavicencio/nonExistingCategory" name="Test API endpoints should return 404 for GET /villavicencio/nonExistingCategory" time="0">
    </testcase>
    <testcase classname="Test API endpoints should GET /villavicencio/particulares" name="Test API endpoints should GET /villavicencio/particulares" time="0">
    </testcase>
    <testcase classname="Test API endpoints should GET /villavicencio/particulares?date=2018-10-22" name="Test API endpoints should GET /villavicencio/particulares?date=2018-10-22" time="0.001">
    </testcase>
    <testcase classname="Test API endpoints should GET /villavicencio/particulares?date=2018-10-22&amp;days=5" name="Test API endpoints should GET /villavicencio/particulares?date=2018-10-22&amp;days=5" time="0.001">
    </testcase>
    <testcase classname="Test API endpoints should return 404 for GET /villavicencio/nonExistingCategory" name="Test API endpoints should return 404 for GET /villavicencio/nonExistingCategory" time="0">
    </testcase>
    <testcase classname="Test API endpoints should GET /villavicencio/taxis" name="Test API endpoints should GET /villavicencio/taxis" time="0.001">
    </testcase>
    <testcase classname="Test API endpoints should GET /villavicencio/taxis?date=2018-10-22" name="Test API endpoints should GET /villavicencio/taxis?date=2018-10-22" time="0.001">
    </testcase>
    <testcase classname="Test API endpoints should GET /villavicencio/taxis?date=2018-10-22&amp;days=5" name="Test API endpoints should GET /villavicencio/taxis?date=2018-10-22&amp;days=5" time="0">
    </testcase>
  </testsuite>
</testsuites>